{"/Users/soup/parkinson-research/src/proxy.ts": {"path":"/Users/soup/parkinson-research/src/proxy.ts","statementMap":{"0":{"start":{"line":26,"column":0},"end":{"line":26,"column":16}},"1":{"start":{"line":1,"column":0},"end":{"line":1,"column":55}},"2":{"start":{"line":2,"column":0},"end":{"line":2,"column":52}},"3":{"start":{"line":3,"column":0},"end":{"line":3,"column":35}},"4":{"start":{"line":6,"column":16},"end":{"line":6,"column":37}},"5":{"start":{"line":7,"column":22},"end":{"line":7,"column":26}},"6":{"start":{"line":11,"column":52},"end":{"line":11,"column":54}},"7":{"start":{"line":12,"column":2},"end":{"line":12,"column":null}},"8":{"start":{"line":12,"column":43},"end":{"line":12,"column":73}},"9":{"start":{"line":14,"column":20},"end":{"line":14,"column":78}},"10":{"start":{"line":17,"column":25},"end":{"line":17,"column":96}},"11":{"start":{"line":17,"column":50},"end":{"line":17,"column":95}},"12":{"start":{"line":19,"column":2},"end":{"line":21,"column":3}},"13":{"start":{"line":20,"column":4},"end":{"line":20,"column":null}},"14":{"start":{"line":23,"column":2},"end":{"line":23,"column":null}},"15":{"start":{"line":27,"column":23},"end":{"line":27,"column":38}},"16":{"start":{"line":28,"column":2},"end":{"line":28,"column":null}},"17":{"start":{"line":31,"column":2},"end":{"line":41,"column":3}},"18":{"start":{"line":39,"column":4},"end":{"line":39,"column":null}},"19":{"start":{"line":40,"column":4},"end":{"line":40,"column":null}},"20":{"start":{"line":44,"column":28},"end":{"line":45,"column":null}},"21":{"start":{"line":45,"column":16},"end":{"line":45,"column":79}},"22":{"start":{"line":47,"column":2},"end":{"line":47,"column":null}},"23":{"start":{"line":49,"column":2},"end":{"line":52,"column":3}},"24":{"start":{"line":50,"column":4},"end":{"line":50,"column":null}},"25":{"start":{"line":51,"column":4},"end":{"line":51,"column":null}},"26":{"start":{"line":55,"column":17},"end":{"line":55,"column":35}},"27":{"start":{"line":56,"column":2},"end":{"line":56,"column":null}},"28":{"start":{"line":59,"column":2},"end":{"line":62,"column":3}},"29":{"start":{"line":60,"column":16},"end":{"line":60,"column":50}},"30":{"start":{"line":61,"column":4},"end":{"line":61,"column":null}},"31":{"start":{"line":65,"column":14},"end":{"line":65,"column":59}},"32":{"start":{"line":66,"column":2},"end":{"line":66,"column":null}},"33":{"start":{"line":69,"column":13},"end":{"line":74,"column":null}}},"fnMap":{"0":{"name":"getLocale","decl":{"start":{"line":10,"column":9},"end":{"line":10,"column":18}},"loc":{"start":{"line":10,"column":39},"end":{"line":24,"column":1}}},"1":{"name":"(anonymous_2)","decl":{"start":{"line":12,"column":26},"end":{"line":12,"column":27}},"loc":{"start":{"line":12,"column":43},"end":{"line":12,"column":73}}},"2":{"name":"(anonymous_3)","decl":{"start":{"line":17,"column":42},"end":{"line":17,"column":46}},"loc":{"start":{"line":17,"column":50},"end":{"line":17,"column":95}}},"3":{"name":"proxy","decl":{"start":{"line":26,"column":16},"end":{"line":26,"column":21}},"loc":{"start":{"line":26,"column":42},"end":{"line":67,"column":1}}},"4":{"name":"(anonymous_5)","decl":{"start":{"line":45,"column":4},"end":{"line":45,"column":5}},"loc":{"start":{"line":45,"column":16},"end":{"line":45,"column":79}}}},"branchMap":{"0":{"loc":{"start":{"line":17,"column":50},"end":{"line":17,"column":95}},"type":"binary-expr","locations":[{"start":{"line":17,"column":50},"end":{"line":17,"column":54}},{"start":{"line":17,"column":58},"end":{"line":17,"column":70}},{"start":{"line":17,"column":74},"end":{"line":17,"column":95}}]},"1":{"loc":{"start":{"line":19,"column":2},"end":{"line":21,"column":3}},"type":"if","locations":[{"start":{"line":19,"column":2},"end":{"line":21,"column":3}},{"start":{},"end":{}}]},"2":{"loc":{"start":{"line":31,"column":2},"end":{"line":41,"column":3}},"type":"if","locations":[{"start":{"line":31,"column":2},"end":{"line":41,"column":3}},{"start":{},"end":{}}]},"3":{"loc":{"start":{"line":32,"column":4},"end":{"line":37,"column":34}},"type":"binary-expr","locations":[{"start":{"line":32,"column":4},"end":{"line":32,"column":33}},{"start":{"line":33,"column":4},"end":{"line":33,"column":31}},{"start":{"line":34,"column":4},"end":{"line":34,"column":34}},{"start":{"line":35,"column":4},"end":{"line":35,"column":26}},{"start":{"line":36,"column":4},"end":{"line":36,"column":35}},{"start":{"line":37,"column":4},"end":{"line":37,"column":34}}]},"4":{"loc":{"start":{"line":45,"column":16},"end":{"line":45,"column":79}},"type":"binary-expr","locations":[{"start":{"line":45,"column":16},"end":{"line":45,"column":50}},{"start":{"line":45,"column":54},"end":{"line":45,"column":79}}]},"5":{"loc":{"start":{"line":49,"column":2},"end":{"line":52,"column":3}},"type":"if","locations":[{"start":{"line":49,"column":2},"end":{"line":52,"column":3}},{"start":{},"end":{}}]},"6":{"loc":{"start":{"line":59,"column":2},"end":{"line":62,"column":3}},"type":"if","locations":[{"start":{"line":59,"column":2},"end":{"line":62,"column":3}},{"start":{},"end":{}}]}},"s":{"0":0,"1":0,"2":0,"3":0,"4":0,"5":0,"6":0,"7":0,"8":0,"9":0,"10":0,"11":0,"12":0,"13":0,"14":0,"15":0,"16":0,"17":0,"18":0,"19":0,"20":0,"21":0,"22":0,"23":0,"24":0,"25":0,"26":0,"27":0,"28":0,"29":0,"30":0,"31":0,"32":0,"33":0},"f":{"0":0,"1":0,"2":0,"3":0,"4":0},"b":{"0":[0,0,0],"1":[0,0],"2":[0,0],"3":[0,0,0,0,0,0],"4":[0,0],"5":[0,0],"6":[0,0]}}
,"/Users/soup/parkinson-research/src/app/layout.tsx": {"path":"/Users/soup/parkinson-research/src/app/layout.tsx","statementMap":{"0":{"start":{"line":8,"column":0},"end":{"line":8,"column":24}},"1":{"start":{"line":3,"column":13},"end":{"line":5,"column":null}},"2":{"start":{"line":13,"column":2},"end":{"line":13,"column":null}}},"fnMap":{"0":{"name":"RootLayout","decl":{"start":{"line":8,"column":24},"end":{"line":8,"column":34}},"loc":{"start":{"line":12,"column":1},"end":{"line":14,"column":1}}}},"branchMap":{},"s":{"0":0,"1":0,"2":0},"f":{"0":0},"b":{}}
,"/Users/soup/parkinson-research/src/app/robots.ts": {"path":"/Users/soup/parkinson-research/src/app/robots.ts","statementMap":{"0":{"start":{"line":3,"column":0},"end":{"line":3,"column":24}},"1":{"start":{"line":4,"column":2},"end":{"line":25,"column":null}}},"fnMap":{"0":{"name":"robots","decl":{"start":{"line":3,"column":24},"end":{"line":3,"column":30}},"loc":{"start":{"line":3,"column":30},"end":{"line":26,"column":1}}}},"branchMap":{},"s":{"0":0,"1":0},"f":{"0":0},"b":{}}
,"/Users/soup/parkinson-research/src/app/sitemap.ts": {"path":"/Users/soup/parkinson-research/src/app/sitemap.ts","statementMap":{"0":{"start":{"line":4,"column":0},"end":{"line":4,"column":15}},"1":{"start":{"line":2,"column":0},"end":{"line":2,"column":49}},"2":{"start":{"line":5,"column":16},"end":{"line":5,"column":41}},"3":{"start":{"line":6,"column":18},"end":{"line":6,"column":39}},"4":{"start":{"line":8,"column":41},"end":{"line":8,"column":43}},"5":{"start":{"line":10,"column":2},"end":{"line":39,"column":3}},"6":{"start":{"line":11,"column":23},"end":{"line":16,"column":7}},"7":{"start":{"line":11,"column":44},"end":{"line":16,"column":6}},"8":{"start":{"line":18,"column":4},"end":{"line":38,"column":null}},"9":{"start":{"line":41,"column":2},"end":{"line":41,"column":null}}},"fnMap":{"0":{"name":"sitemap","decl":{"start":{"line":4,"column":30},"end":{"line":4,"column":37}},"loc":{"start":{"line":4,"column":37},"end":{"line":42,"column":1}}},"1":{"name":"(anonymous_1)","decl":{"start":{"line":11,"column":33},"end":{"line":11,"column":34}},"loc":{"start":{"line":11,"column":44},"end":{"line":16,"column":6}}}},"branchMap":{},"s":{"0":0,"1":0,"2":0,"3":0,"4":0,"5":0,"6":0,"7":0,"8":0,"9":0},"f":{"0":0,"1":0},"b":{}}
,"/Users/soup/parkinson-research/src/app/[lang]/layout.tsx": {"path":"/Users/soup/parkinson-research/src/app/[lang]/layout.tsx","statementMap":{"0":{"start":{"line":15,"column":0},"end":{"line":15,"column":7}},"1":{"start":{"line":19,"column":0},"end":{"line":19,"column":7}},"2":{"start":{"line":67,"column":0},"end":{"line":67,"column":15}},"3":{"start":{"line":2,"column":0},"end":{"line":2,"column":42}},"4":{"start":{"line":3,"column":0},"end":{"line":3,"column":48}},"5":{"start":{"line":4,"column":0},"end":{"line":4,"column":40}},"6":{"start":{"line":5,"column":0},"end":{"line":5,"column":40}},"7":{"start":{"line":6,"column":0},"end":{"line":6,"column":23}},"8":{"start":{"line":13,"column":21},"end":{"line":13,"column":42}},"9":{"start":{"line":16,"column":2},"end":{"line":16,"column":null}},"10":{"start":{"line":16,"column":37},"end":{"line":16,"column":45}},"11":{"start":{"line":20,"column":19},"end":{"line":20,"column":31}},"12":{"start":{"line":21,"column":21},"end":{"line":21,"column":46}},"13":{"start":{"line":23,"column":2},"end":{"line":64,"column":null}},"14":{"start":{"line":68,"column":19},"end":{"line":68,"column":31}},"15":{"start":{"line":71,"column":2},"end":{"line":73,"column":3}},"16":{"start":{"line":72,"column":4},"end":{"line":72,"column":null}},"17":{"start":{"line":75,"column":21},"end":{"line":75,"column":46}},"18":{"start":{"line":77,"column":2},"end":{"line":111,"column":null}}},"fnMap":{"0":{"name":"generateStaticParams","decl":{"start":{"line":15,"column":22},"end":{"line":15,"column":42}},"loc":{"start":{"line":15,"column":42},"end":{"line":17,"column":1}}},"1":{"name":"(anonymous_2)","decl":{"start":{"line":16,"column":26},"end":{"line":16,"column":27}},"loc":{"start":{"line":16,"column":37},"end":{"line":16,"column":45}}},"2":{"name":"generateMetadata","decl":{"start":{"line":19,"column":22},"end":{"line":19,"column":38}},"loc":{"start":{"line":19,"column":56},"end":{"line":65,"column":1}}},"3":{"name":"LangLayout","decl":{"start":{"line":67,"column":30},"end":{"line":67,"column":40}},"loc":{"start":{"line":67,"column":68},"end":{"line":112,"column":1}}}},"branchMap":{"0":{"loc":{"start":{"line":34,"column":14},"end":{"line":34,"column":47}},"type":"cond-expr","locations":[{"start":{"line":34,"column":30},"end":{"line":34,"column":37}},{"start":{"line":34,"column":40},"end":{"line":34,"column":47}}]},"1":{"loc":{"start":{"line":35,"column":23},"end":{"line":35,"column":56}},"type":"cond-expr","locations":[{"start":{"line":35,"column":39},"end":{"line":35,"column":46}},{"start":{"line":35,"column":49},"end":{"line":35,"column":56}}]},"2":{"loc":{"start":{"line":71,"column":2},"end":{"line":73,"column":3}},"type":"if","locations":[{"start":{"line":71,"column":2},"end":{"line":73,"column":3}},{"start":{},"end":{}}]}},"s":{"0":0,"1":0,"2":0,"3":0,"4":0,"5":0,"6":0,"7":0,"8":0,"9":0,"10":0,"11":0,"12":0,"13":0,"14":0,"15":0,"16":0,"17":0,"18":0},"f":{"0":0,"1":0,"2":0,"3":0},"b":{"0":[0,0],"1":[0,0],"2":[0,0]}}
,"/Users/soup/parkinson-research/src/app/[lang]/page.tsx": {"path":"/Users/soup/parkinson-research/src/app/[lang]/page.tsx","statementMap":{"0":{"start":{"line":11,"column":0},"end":{"line":11,"column":7}},"1":{"start":{"line":20,"column":0},"end":{"line":20,"column":15}},"2":{"start":{"line":1,"column":0},"end":{"line":1,"column":28}},"3":{"start":{"line":3,"column":0},"end":{"line":3,"column":48}},"4":{"start":{"line":4,"column":0},"end":{"line":4,"column":73}},"5":{"start":{"line":5,"column":0},"end":{"line":5,"column":52}},"6":{"start":{"line":12,"column":19},"end":{"line":12,"column":31}},"7":{"start":{"line":13,"column":21},"end":{"line":13,"column":46}},"8":{"start":{"line":14,"column":2},"end":{"line":17,"column":null}},"9":{"start":{"line":21,"column":19},"end":{"line":21,"column":31}},"10":{"start":{"line":22,"column":21},"end":{"line":22,"column":46}},"11":{"start":{"line":23,"column":16},"end":{"line":23,"column":41}},"12":{"start":{"line":24,"column":21},"end":{"line":24,"column":29}},"13":{"start":{"line":25,"column":18},"end":{"line":25,"column":68}},"14":{"start":{"line":27,"column":12},"end":{"line":27,"column":27}},"15":{"start":{"line":28,"column":13},"end":{"line":28,"column":34}},"16":{"start":{"line":30,"column":2},"end":{"line":206,"column":null}},"17":{"start":{"line":111,"column":18},"end":{"line":111,"column":31}},"18":{"start":{"line":214,"column":49},"end":{"line":235,"column":null}},"19":{"start":{"line":237,"column":2},"end":{"line":247,"column":null}}},"fnMap":{"0":{"name":"generateMetadata","decl":{"start":{"line":11,"column":22},"end":{"line":11,"column":38}},"loc":{"start":{"line":11,"column":56},"end":{"line":18,"column":1}}},"1":{"name":"HomePage","decl":{"start":{"line":20,"column":30},"end":{"line":20,"column":38}},"loc":{"start":{"line":20,"column":56},"end":{"line":207,"column":1}}},"2":{"name":"(anonymous_3)","decl":{"start":{"line":110,"column":50},"end":{"line":110,"column":51}},"loc":{"start":{"line":111,"column":18},"end":{"line":111,"column":31}}},"3":{"name":"CategoryCard","decl":{"start":{"line":209,"column":9},"end":{"line":209,"column":21}},"loc":{"start":{"line":213,"column":1},"end":{"line":248,"column":1}}}},"branchMap":{"0":{"loc":{"start":{"line":25,"column":18},"end":{"line":25,"column":68}},"type":"cond-expr","locations":[{"start":{"line":25,"column":31},"end":{"line":25,"column":61}},{"start":{"line":25,"column":64},"end":{"line":25,"column":68}}]},"1":{"loc":{"start":{"line":76,"column":7},"end":{"line":165,"column":null}},"type":"cond-expr","locations":[{"start":{"line":77,"column":8},"end":{"line":154,"column":null}},{"start":{"line":157,"column":8},"end":{"line":164,"column":null}}]},"2":{"loc":{"start":{"line":82,"column":58},"end":{"line":82,"column":91}},"type":"cond-expr","locations":[{"start":{"line":82,"column":74},"end":{"line":82,"column":81}},{"start":{"line":82,"column":84},"end":{"line":82,"column":91}}]}},"s":{"0":0,"1":0,"2":0,"3":0,"4":0,"5":0,"6":0,"7":0,"8":0,"9":0,"10":0,"11":0,"12":0,"13":0,"14":0,"15":0,"16":0,"17":0,"18":0,"19":0},"f":{"0":0,"1":0,"2":0,"3":0},"b":{"0":[0,0],"1":[0,0],"2":[0,0]}}
,"/Users/soup/parkinson-research/src/app/[lang]/robots.ts": {"path":"/Users/soup/parkinson-research/src/app/[lang]/robots.ts","statementMap":{"0":{"start":{"line":3,"column":0},"end":{"line":3,"column":24}},"1":{"start":{"line":4,"column":2},"end":{"line":25,"column":null}}},"fnMap":{"0":{"name":"robots","decl":{"start":{"line":3,"column":24},"end":{"line":3,"column":30}},"loc":{"start":{"line":3,"column":30},"end":{"line":26,"column":1}}}},"branchMap":{},"s":{"0":0,"1":0},"f":{"0":0},"b":{}}
,"/Users/soup/parkinson-research/src/app/[lang]/sitemap.ts": {"path":"/Users/soup/parkinson-research/src/app/[lang]/sitemap.ts","statementMap":{"0":{"start":{"line":4,"column":0},"end":{"line":4,"column":15}},"1":{"start":{"line":2,"column":0},"end":{"line":2,"column":49}},"2":{"start":{"line":5,"column":16},"end":{"line":5,"column":41}},"3":{"start":{"line":6,"column":18},"end":{"line":6,"column":39}},"4":{"start":{"line":8,"column":41},"end":{"line":8,"column":43}},"5":{"start":{"line":10,"column":2},"end":{"line":39,"column":3}},"6":{"start":{"line":11,"column":23},"end":{"line":16,"column":7}},"7":{"start":{"line":11,"column":44},"end":{"line":16,"column":6}},"8":{"start":{"line":18,"column":4},"end":{"line":38,"column":null}},"9":{"start":{"line":41,"column":2},"end":{"line":41,"column":null}}},"fnMap":{"0":{"name":"sitemap","decl":{"start":{"line":4,"column":30},"end":{"line":4,"column":37}},"loc":{"start":{"line":4,"column":37},"end":{"line":42,"column":1}}},"1":{"name":"(anonymous_1)","decl":{"start":{"line":11,"column":33},"end":{"line":11,"column":34}},"loc":{"start":{"line":11,"column":44},"end":{"line":16,"column":6}}}},"branchMap":{},"s":{"0":0,"1":0,"2":0,"3":0,"4":0,"5":0,"6":0,"7":0,"8":0,"9":0},"f":{"0":0,"1":0},"b":{}}
,"/Users/soup/parkinson-research/src/app/[lang]/about/page.tsx": {"path":"/Users/soup/parkinson-research/src/app/[lang]/about/page.tsx","statementMap":{"0":{"start":{"line":8,"column":0},"end":{"line":8,"column":7}},"1":{"start":{"line":17,"column":0},"end":{"line":17,"column":15}},"2":{"start":{"line":2,"column":0},"end":{"line":2,"column":48}},"3":{"start":{"line":9,"column":19},"end":{"line":9,"column":31}},"4":{"start":{"line":10,"column":21},"end":{"line":10,"column":46}},"5":{"start":{"line":11,"column":2},"end":{"line":14,"column":null}},"6":{"start":{"line":18,"column":19},"end":{"line":18,"column":31}},"7":{"start":{"line":19,"column":21},"end":{"line":19,"column":46}},"8":{"start":{"line":20,"column":12},"end":{"line":20,"column":28}},"9":{"start":{"line":22,"column":20},"end":{"line":22,"column":64}},"10":{"start":{"line":24,"column":2},"end":{"line":143,"column":null}},"11":{"start":{"line":42,"column":14},"end":{"line":42,"column":27}},"12":{"start":{"line":85,"column":14},"end":{"line":85,"column":27}},"13":{"start":{"line":119,"column":14},"end":{"line":119,"column":30}}},"fnMap":{"0":{"name":"generateMetadata","decl":{"start":{"line":8,"column":22},"end":{"line":8,"column":38}},"loc":{"start":{"line":8,"column":56},"end":{"line":15,"column":1}}},"1":{"name":"AboutPage","decl":{"start":{"line":17,"column":30},"end":{"line":17,"column":39}},"loc":{"start":{"line":17,"column":57},"end":{"line":144,"column":1}}},"2":{"name":"(anonymous_2)","decl":{"start":{"line":41,"column":33},"end":{"line":41,"column":34}},"loc":{"start":{"line":42,"column":14},"end":{"line":42,"column":27}}},"3":{"name":"(anonymous_3)","decl":{"start":{"line":84,"column":32},"end":{"line":84,"column":33}},"loc":{"start":{"line":85,"column":14},"end":{"line":85,"column":27}}},"4":{"name":"(anonymous_4)","decl":{"start":{"line":118,"column":27},"end":{"line":118,"column":28}},"loc":{"start":{"line":119,"column":14},"end":{"line":119,"column":30}}}},"branchMap":{},"s":{"0":0,"1":0,"2":0,"3":0,"4":0,"5":0,"6":0,"7":0,"8":0,"9":0,"10":0,"11":0,"12":0,"13":0},"f":{"0":0,"1":0,"2":0,"3":0,"4":0},"b":{}}
,"/Users/soup/parkinson-research/src/app/[lang]/api/reports/route.ts": {"path":"/Users/soup/parkinson-research/src/app/[lang]/api/reports/route.ts","statementMap":{"0":{"start":{"line":5,"column":0},"end":{"line":5,"column":7}},"1":{"start":{"line":1,"column":0},"end":{"line":1,"column":55}},"2":{"start":{"line":2,"column":0},"end":{"line":2,"column":60}},"3":{"start":{"line":3,"column":0},"end":{"line":3,"column":48}},"4":{"start":{"line":9,"column":19},"end":{"line":9,"column":31}},"5":{"start":{"line":10,"column":27},"end":{"line":10,"column":47}},"6":{"start":{"line":11,"column":16},"end":{"line":11,"column":41}},"7":{"start":{"line":12,"column":21},"end":{"line":12,"column":46}},"8":{"start":{"line":15,"column":19},"end":{"line":15,"column":97}},"9":{"start":{"line":17,"column":2},"end":{"line":35,"column":3}},"10":{"start":{"line":18,"column":25},"end":{"line":18,"column":50}},"11":{"start":{"line":19,"column":4},"end":{"line":34,"column":5}},"12":{"start":{"line":20,"column":6},"end":{"line":33,"column":null}},"13":{"start":{"line":37,"column":18},"end":{"line":47,"column":null}},"14":{"start":{"line":39,"column":21},"end":{"line":39,"column":42}},"15":{"start":{"line":40,"column":6},"end":{"line":40,"column":null}},"16":{"start":{"line":40,"column":19},"end":{"line":40,"column":null}},"17":{"start":{"line":41,"column":6},"end":{"line":46,"column":null}},"18":{"start":{"line":50,"column":19},"end":{"line":50,"column":42}},"19":{"start":{"line":52,"column":2},"end":{"line":65,"column":null}},"20":{"start":{"line":69,"column":75},"end":{"line":69,"column":77}},"21":{"start":{"line":70,"column":16},"end":{"line":70,"column":35}},"22":{"start":{"line":71,"column":23},"end":{"line":71,"column":25}},"23":{"start":{"line":72,"column":26},"end":{"line":72,"column":28}},"24":{"start":{"line":73,"column":33},"end":{"line":73,"column":35}},"25":{"start":{"line":75,"column":2},"end":{"line":102,"column":3}},"26":{"start":{"line":76,"column":20},"end":{"line":76,"column":42}},"27":{"start":{"line":77,"column":20},"end":{"line":77,"column":43}},"28":{"start":{"line":79,"column":4},"end":{"line":101,"column":5}},"29":{"start":{"line":80,"column":6},"end":{"line":86,"column":7}},"30":{"start":{"line":81,"column":8},"end":{"line":81,"column":null}},"31":{"start":{"line":81,"column":39},"end":{"line":81,"column":null}},"32":{"start":{"line":82,"column":8},"end":{"line":85,"column":null}},"33":{"start":{"line":87,"column":6},"end":{"line":87,"column":null}},"34":{"start":{"line":88,"column":6},"end":{"line":88,"column":null}},"35":{"start":{"line":89,"column":6},"end":{"line":89,"column":null}},"36":{"start":{"line":90,"column":11},"end":{"line":101,"column":5}},"37":{"start":{"line":91,"column":6},"end":{"line":96,"column":7}},"38":{"start":{"line":92,"column":8},"end":{"line":95,"column":null}},"39":{"start":{"line":97,"column":6},"end":{"line":97,"column":null}},"40":{"start":{"line":98,"column":6},"end":{"line":98,"column":null}},"41":{"start":{"line":99,"column":11},"end":{"line":101,"column":5}},"42":{"start":{"line":100,"column":6},"end":{"line":100,"column":null}},"43":{"start":{"line":104,"column":2},"end":{"line":110,"column":3}},"44":{"start":{"line":105,"column":4},"end":{"line":105,"column":null}},"45":{"start":{"line":105,"column":35},"end":{"line":105,"column":null}},"46":{"start":{"line":106,"column":4},"end":{"line":109,"column":null}},"47":{"start":{"line":112,"column":2},"end":{"line":112,"column":null}}},"fnMap":{"0":{"name":"GET","decl":{"start":{"line":5,"column":22},"end":{"line":5,"column":25}},"loc":{"start":{"line":7,"column":51},"end":{"line":66,"column":1}}},"1":{"name":"(anonymous_1)","decl":{"start":{"line":38,"column":14},"end":{"line":38,"column":19}},"loc":{"start":{"line":38,"column":29},"end":{"line":47,"column":5}}},"2":{"name":"parseSections","decl":{"start":{"line":68,"column":9},"end":{"line":68,"column":22}},"loc":{"start":{"line":68,"column":38},"end":{"line":113,"column":1}}}},"branchMap":{"0":{"loc":{"start":{"line":15,"column":19},"end":{"line":15,"column":97}},"type":"binary-expr","locations":[{"start":{"line":15,"column":19},"end":{"line":15,"column":56}},{"start":{"line":15,"column":60},"end":{"line":15,"column":97}}]},"1":{"loc":{"start":{"line":17,"column":2},"end":{"line":35,"column":3}},"type":"if","locations":[{"start":{"line":17,"column":2},"end":{"line":35,"column":3}},{"start":{},"end":{}}]},"2":{"loc":{"start":{"line":17,"column":6},"end":{"line":17,"column":34}},"type":"binary-expr","locations":[{"start":{"line":17,"column":6},"end":{"line":17,"column":14}},{"start":{"line":17,"column":18},"end":{"line":17,"column":34}}]},"3":{"loc":{"start":{"line":19,"column":4},"end":{"line":34,"column":5}},"type":"if","locations":[{"start":{"line":19,"column":4},"end":{"line":34,"column":5}},{"start":{},"end":{}}]},"4":{"loc":{"start":{"line":40,"column":6},"end":{"line":40,"column":null}},"type":"if","locations":[{"start":{"line":40,"column":6},"end":{"line":40,"column":null}},{"start":{},"end":{}}]},"5":{"loc":{"start":{"line":79,"column":4},"end":{"line":101,"column":5}},"type":"if","locations":[{"start":{"line":79,"column":4},"end":{"line":101,"column":5}},{"start":{"line":90,"column":11},"end":{"line":101,"column":5}}]},"6":{"loc":{"start":{"line":80,"column":6},"end":{"line":86,"column":7}},"type":"if","locations":[{"start":{"line":80,"column":6},"end":{"line":86,"column":7}},{"start":{},"end":{}}]},"7":{"loc":{"start":{"line":80,"column":10},"end":{"line":80,"column":49}},"type":"binary-expr","locations":[{"start":{"line":80,"column":10},"end":{"line":80,"column":24}},{"start":{"line":80,"column":28},"end":{"line":80,"column":49}}]},"8":{"loc":{"start":{"line":81,"column":8},"end":{"line":81,"column":null}},"type":"if","locations":[{"start":{"line":81,"column":8},"end":{"line":81,"column":null}},{"start":{},"end":{}}]},"9":{"loc":{"start":{"line":83,"column":19},"end":{"line":83,"column":54}},"type":"binary-expr","locations":[{"start":{"line":83,"column":19},"end":{"line":83,"column":36}},{"start":{"line":83,"column":40},"end":{"line":83,"column":54}}]},"10":{"loc":{"start":{"line":90,"column":11},"end":{"line":101,"column":5}},"type":"if","locations":[{"start":{"line":90,"column":11},"end":{"line":101,"column":5}},{"start":{"line":99,"column":11},"end":{"line":101,"column":5}}]},"11":{"loc":{"start":{"line":91,"column":6},"end":{"line":96,"column":7}},"type":"if","locations":[{"start":{"line":91,"column":6},"end":{"line":96,"column":7}},{"start":{},"end":{}}]},"12":{"loc":{"start":{"line":91,"column":10},"end":{"line":91,"column":80}},"type":"binary-expr","locations":[{"start":{"line":91,"column":10},"end":{"line":91,"column":27}},{"start":{"line":91,"column":31},"end":{"line":91,"column":52}},{"start":{"line":91,"column":56},"end":{"line":91,"column":80}}]},"13":{"loc":{"start":{"line":99,"column":11},"end":{"line":101,"column":5}},"type":"if","locations":[{"start":{"line":99,"column":11},"end":{"line":101,"column":5}},{"start":{},"end":{}}]},"14":{"loc":{"start":{"line":99,"column":15},"end":{"line":99,"column":78}},"type":"binary-expr","locations":[{"start":{"line":99,"column":15},"end":{"line":99,"column":26}},{"start":{"line":99,"column":30},"end":{"line":99,"column":51}},{"start":{"line":99,"column":55},"end":{"line":99,"column":78}}]},"15":{"loc":{"start":{"line":104,"column":2},"end":{"line":110,"column":3}},"type":"if","locations":[{"start":{"line":104,"column":2},"end":{"line":110,"column":3}},{"start":{},"end":{}}]},"16":{"loc":{"start":{"line":104,"column":6},"end":{"line":104,"column":45}},"type":"binary-expr","locations":[{"start":{"line":104,"column":6},"end":{"line":104,"column":20}},{"start":{"line":104,"column":24},"end":{"line":104,"column":45}}]},"17":{"loc":{"start":{"line":105,"column":4},"end":{"line":105,"column":null}},"type":"if","locations":[{"start":{"line":105,"column":4},"end":{"line":105,"column":null}},{"start":{},"end":{}}]},"18":{"loc":{"start":{"line":107,"column":15},"end":{"line":107,"column":50}},"type":"binary-expr","locations":[{"start":{"line":107,"column":15},"end":{"line":107,"column":32}},{"start":{"line":107,"column":36},"end":{"line":107,"column":50}}]}},"s":{"0":0,"1":0,"2":0,"3":0,"4":0,"5":0,"6":0,"7":0,"8":0,"9":0,"10":0,"11":0,"12":0,"13":0,"14":0,"15":0,"16":0,"17":0,"18":0,"19":0,"20":0,"21":0,"22":0,"23":0,"24":0,"25":0,"26":0,"27":0,"28":0,"29":0,"30":0,"31":0,"32":0,"33":0,"34":0,"35":0,"36":0,"37":0,"38":0,"39":0,"40":0,"41":0,"42":0,"43":0,"44":0,"45":0,"46":0,"47":0},"f":{"0":0,"1":0,"2":0},"b":{"0":[0,0],"1":[0,0],"2":[0,0],"3":[0,0],"4":[0,0],"5":[0,0],"6":[0,0],"7":[0,0],"8":[0,0],"9":[0,0],"10":[0,0],"11":[0,0],"12":[0,0,0],"13":[0,0],"14":[0,0,0],"15":[0,0],"16":[0,0],"17":[0,0],"18":[0,0]}}
,"/Users/soup/parkinson-research/src/app/[lang]/api/reports/[date]/route.ts": {"path":"/Users/soup/parkinson-research/src/app/[lang]/api/reports/[date]/route.ts","statementMap":{"0":{"start":{"line":9,"column":0},"end":{"line":9,"column":7}},"1":{"start":{"line":92,"column":0},"end":{"line":92,"column":7}},"2":{"start":{"line":1,"column":0},"end":{"line":1,"column":55}},"3":{"start":{"line":2,"column":0},"end":{"line":2,"column":41}},"4":{"start":{"line":3,"column":0},"end":{"line":3,"column":48}},"5":{"start":{"line":10,"column":25},"end":{"line":10,"column":37}},"6":{"start":{"line":13,"column":2},"end":{"line":18,"column":3}},"7":{"start":{"line":14,"column":4},"end":{"line":17,"column":null}},"8":{"start":{"line":20,"column":17},"end":{"line":20,"column":38}},"9":{"start":{"line":21,"column":21},"end":{"line":21,"column":46}},"10":{"start":{"line":23,"column":2},"end":{"line":28,"column":3}},"11":{"start":{"line":24,"column":4},"end":{"line":27,"column":null}},"12":{"start":{"line":31,"column":2},"end":{"line":41,"column":null}},"13":{"start":{"line":45,"column":75},"end":{"line":45,"column":77}},"14":{"start":{"line":46,"column":16},"end":{"line":46,"column":35}},"15":{"start":{"line":47,"column":23},"end":{"line":47,"column":25}},"16":{"start":{"line":48,"column":26},"end":{"line":48,"column":28}},"17":{"start":{"line":49,"column":33},"end":{"line":49,"column":35}},"18":{"start":{"line":51,"column":2},"end":{"line":78,"column":3}},"19":{"start":{"line":52,"column":20},"end":{"line":52,"column":42}},"20":{"start":{"line":53,"column":20},"end":{"line":53,"column":43}},"21":{"start":{"line":55,"column":4},"end":{"line":77,"column":5}},"22":{"start":{"line":56,"column":6},"end":{"line":62,"column":7}},"23":{"start":{"line":57,"column":8},"end":{"line":57,"column":null}},"24":{"start":{"line":57,"column":39},"end":{"line":57,"column":null}},"25":{"start":{"line":58,"column":8},"end":{"line":61,"column":null}},"26":{"start":{"line":63,"column":6},"end":{"line":63,"column":null}},"27":{"start":{"line":64,"column":6},"end":{"line":64,"column":null}},"28":{"start":{"line":65,"column":6},"end":{"line":65,"column":null}},"29":{"start":{"line":66,"column":11},"end":{"line":77,"column":5}},"30":{"start":{"line":67,"column":6},"end":{"line":72,"column":7}},"31":{"start":{"line":68,"column":8},"end":{"line":71,"column":null}},"32":{"start":{"line":73,"column":6},"end":{"line":73,"column":null}},"33":{"start":{"line":74,"column":6},"end":{"line":74,"column":null}},"34":{"start":{"line":75,"column":11},"end":{"line":77,"column":5}},"35":{"start":{"line":76,"column":6},"end":{"line":76,"column":null}},"36":{"start":{"line":81,"column":2},"end":{"line":87,"column":3}},"37":{"start":{"line":82,"column":4},"end":{"line":82,"column":null}},"38":{"start":{"line":82,"column":35},"end":{"line":82,"column":null}},"39":{"start":{"line":83,"column":4},"end":{"line":86,"column":null}},"40":{"start":{"line":89,"column":2},"end":{"line":89,"column":null}},"41":{"start":{"line":93,"column":19},"end":{"line":93,"column":31}},"42":{"start":{"line":94,"column":17},"end":{"line":94,"column":38}},"43":{"start":{"line":96,"column":2},"end":{"line":98,"column":3}},"44":{"start":{"line":97,"column":4},"end":{"line":97,"column":null}},"45":{"start":{"line":100,"column":2},"end":{"line":106,"column":null}}},"fnMap":{"0":{"name":"GET","decl":{"start":{"line":9,"column":22},"end":{"line":9,"column":25}},"loc":{"start":{"line":9,"column":66},"end":{"line":42,"column":1}}},"1":{"name":"parseSections","decl":{"start":{"line":44,"column":9},"end":{"line":44,"column":22}},"loc":{"start":{"line":44,"column":38},"end":{"line":90,"column":1}}},"2":{"name":"HEAD","decl":{"start":{"line":92,"column":22},"end":{"line":92,"column":26}},"loc":{"start":{"line":92,"column":67},"end":{"line":107,"column":1}}}},"branchMap":{"0":{"loc":{"start":{"line":13,"column":2},"end":{"line":18,"column":3}},"type":"if","locations":[{"start":{"line":13,"column":2},"end":{"line":18,"column":3}},{"start":{},"end":{}}]},"1":{"loc":{"start":{"line":23,"column":2},"end":{"line":28,"column":3}},"type":"if","locations":[{"start":{"line":23,"column":2},"end":{"line":28,"column":3}},{"start":{},"end":{}}]},"2":{"loc":{"start":{"line":55,"column":4},"end":{"line":77,"column":5}},"type":"if","locations":[{"start":{"line":55,"column":4},"end":{"line":77,"column":5}},{"start":{"line":66,"column":11},"end":{"line":77,"column":5}}]},"3":{"loc":{"start":{"line":56,"column":6},"end":{"line":62,"column":7}},"type":"if","locations":[{"start":{"line":56,"column":6},"end":{"line":62,"column":7}},{"start":{},"end":{}}]},"4":{"loc":{"start":{"line":56,"column":10},"end":{"line":56,"column":49}},"type":"binary-expr","locations":[{"start":{"line":56,"column":10},"end":{"line":56,"column":24}},{"start":{"line":56,"column":28},"end":{"line":56,"column":49}}]},"5":{"loc":{"start":{"line":57,"column":8},"end":{"line":57,"column":null}},"type":"if","locations":[{"start":{"line":57,"column":8},"end":{"line":57,"column":null}},{"start":{},"end":{}}]},"6":{"loc":{"start":{"line":59,"column":19},"end":{"line":59,"column":54}},"type":"binary-expr","locations":[{"start":{"line":59,"column":19},"end":{"line":59,"column":36}},{"start":{"line":59,"column":40},"end":{"line":59,"column":54}}]},"7":{"loc":{"start":{"line":66,"column":11},"end":{"line":77,"column":5}},"type":"if","locations":[{"start":{"line":66,"column":11},"end":{"line":77,"column":5}},{"start":{"line":75,"column":11},"end":{"line":77,"column":5}}]},"8":{"loc":{"start":{"line":67,"column":6},"end":{"line":72,"column":7}},"type":"if","locations":[{"start":{"line":67,"column":6},"end":{"line":72,"column":7}},{"start":{},"end":{}}]},"9":{"loc":{"start":{"line":67,"column":10},"end":{"line":67,"column":80}},"type":"binary-expr","locations":[{"start":{"line":67,"column":10},"end":{"line":67,"column":27}},{"start":{"line":67,"column":31},"end":{"line":67,"column":52}},{"start":{"line":67,"column":56},"end":{"line":67,"column":80}}]},"10":{"loc":{"start":{"line":75,"column":11},"end":{"line":77,"column":5}},"type":"if","locations":[{"start":{"line":75,"column":11},"end":{"line":77,"column":5}},{"start":{},"end":{}}]},"11":{"loc":{"start":{"line":75,"column":15},"end":{"line":75,"column":78}},"type":"binary-expr","locations":[{"start":{"line":75,"column":15},"end":{"line":75,"column":26}},{"start":{"line":75,"column":30},"end":{"line":75,"column":51}},{"start":{"line":75,"column":55},"end":{"line":75,"column":78}}]},"12":{"loc":{"start":{"line":81,"column":2},"end":{"line":87,"column":3}},"type":"if","locations":[{"start":{"line":81,"column":2},"end":{"line":87,"column":3}},{"start":{},"end":{}}]},"13":{"loc":{"start":{"line":81,"column":6},"end":{"line":81,"column":45}},"type":"binary-expr","locations":[{"start":{"line":81,"column":6},"end":{"line":81,"column":20}},{"start":{"line":81,"column":24},"end":{"line":81,"column":45}}]},"14":{"loc":{"start":{"line":82,"column":4},"end":{"line":82,"column":null}},"type":"if","locations":[{"start":{"line":82,"column":4},"end":{"line":82,"column":null}},{"start":{},"end":{}}]},"15":{"loc":{"start":{"line":84,"column":15},"end":{"line":84,"column":50}},"type":"binary-expr","locations":[{"start":{"line":84,"column":15},"end":{"line":84,"column":32}},{"start":{"line":84,"column":36},"end":{"line":84,"column":50}}]},"16":{"loc":{"start":{"line":96,"column":2},"end":{"line":98,"column":3}},"type":"if","locations":[{"start":{"line":96,"column":2},"end":{"line":98,"column":3}},{"start":{},"end":{}}]}},"s":{"0":0,"1":0,"2":0,"3":0,"4":0,"5":0,"6":0,"7":0,"8":0,"9":0,"10":0,"11":0,"12":0,"13":0,"14":0,"15":0,"16":0,"17":0,"18":0,"19":0,"20":0,"21":0,"22":0,"23":0,"24":0,"25":0,"26":0,"27":0,"28":0,"29":0,"30":0,"31":0,"32":0,"33":0,"34":0,"35":0,"36":0,"37":0,"38":0,"39":0,"40":0,"41":0,"42":0,"43":0,"44":0,"45":0},"f":{"0":0,"1":0,"2":0},"b":{"0":[0,0],"1":[0,0],"2":[0,0],"3":[0,0],"4":[0,0],"5":[0,0],"6":[0,0],"7":[0,0],"8":[0,0],"9":[0,0,0],"10":[0,0],"11":[0,0,0],"12":[0,0],"13":[0,0],"14":[0,0],"15":[0,0],"16":[0,0]}}
,"/Users/soup/parkinson-research/src/app/[lang]/report/[date]/page.tsx": {"path":"/Users/soup/parkinson-research/src/app/[lang]/report/[date]/page.tsx","statementMap":{"0":{"start":{"line":11,"column":0},"end":{"line":11,"column":7}},"1":{"start":{"line":25,"column":0},"end":{"line":25,"column":7}},"2":{"start":{"line":42,"column":0},"end":{"line":42,"column":15}},"3":{"start":{"line":1,"column":0},"end":{"line":1,"column":28}},"4":{"start":{"line":2,"column":0},"end":{"line":2,"column":42}},"5":{"start":{"line":4,"column":0},"end":{"line":4,"column":48}},"6":{"start":{"line":5,"column":0},"end":{"line":5,"column":60}},"7":{"start":{"line":12,"column":16},"end":{"line":12,"column":41}},"8":{"start":{"line":13,"column":18},"end":{"line":13,"column":30}},"9":{"start":{"line":14,"column":51},"end":{"line":14,"column":53}},"10":{"start":{"line":16,"column":2},"end":{"line":20,"column":3}},"11":{"start":{"line":17,"column":4},"end":{"line":19,"column":5}},"12":{"start":{"line":18,"column":6},"end":{"line":18,"column":null}},"13":{"start":{"line":22,"column":2},"end":{"line":22,"column":null}},"14":{"start":{"line":26,"column":25},"end":{"line":26,"column":37}},"15":{"start":{"line":27,"column":21},"end":{"line":27,"column":46}},"16":{"start":{"line":28,"column":17},"end":{"line":28,"column":38}},"17":{"start":{"line":29,"column":2},"end":{"line":29,"column":null}},"18":{"start":{"line":29,"column":15},"end":{"line":29,"column":null}},"19":{"start":{"line":31,"column":2},"end":{"line":39,"column":null}},"20":{"start":{"line":43,"column":25},"end":{"line":43,"column":37}},"21":{"start":{"line":44,"column":21},"end":{"line":44,"column":46}},"22":{"start":{"line":45,"column":17},"end":{"line":45,"column":38}},"23":{"start":{"line":47,"column":2},"end":{"line":49,"column":3}},"24":{"start":{"line":48,"column":4},"end":{"line":48,"column":null}},"25":{"start":{"line":51,"column":21},"end":{"line":58,"column":3}},"26":{"start":{"line":52,"column":4},"end":{"line":57,"column":null}},"27":{"start":{"line":60,"column":12},"end":{"line":60,"column":29}},"28":{"start":{"line":62,"column":2},"end":{"line":111,"column":null}}},"fnMap":{"0":{"name":"generateStaticParams","decl":{"start":{"line":11,"column":22},"end":{"line":11,"column":42}},"loc":{"start":{"line":11,"column":42},"end":{"line":23,"column":1}}},"1":{"name":"generateMetadata","decl":{"start":{"line":25,"column":22},"end":{"line":25,"column":38}},"loc":{"start":{"line":25,"column":56},"end":{"line":40,"column":1}}},"2":{"name":"ReportPage","decl":{"start":{"line":42,"column":30},"end":{"line":42,"column":40}},"loc":{"start":{"line":42,"column":58},"end":{"line":112,"column":1}}},"3":{"name":"(anonymous_4)","decl":{"start":{"line":51,"column":21},"end":{"line":51,"column":22}},"loc":{"start":{"line":51,"column":35},"end":{"line":58,"column":3}}}},"branchMap":{"0":{"loc":{"start":{"line":29,"column":2},"end":{"line":29,"column":null}},"type":"if","locations":[{"start":{"line":29,"column":2},"end":{"line":29,"column":null}},{"start":{},"end":{}}]},"1":{"loc":{"start":{"line":47,"column":2},"end":{"line":49,"column":3}},"type":"if","locations":[{"start":{"line":47,"column":2},"end":{"line":49,"column":3}},{"start":{},"end":{}}]},"2":{"loc":{"start":{"line":52,"column":42},"end":{"line":52,"column":75}},"type":"cond-expr","locations":[{"start":{"line":52,"column":58},"end":{"line":52,"column":65}},{"start":{"line":52,"column":68},"end":{"line":52,"column":75}}]}},"s":{"0":0,"1":0,"2":0,"3":0,"4":0,"5":0,"6":0,"7":0,"8":0,"9":0,"10":0,"11":0,"12":0,"13":0,"14":0,"15":0,"16":0,"17":0,"18":0,"19":0,"20":0,"21":0,"22":0,"23":0,"24":0,"25":0,"26":0,"27":0,"28":0},"f":{"0":0,"1":0,"2":0,"3":0},"b":{"0":[0,0],"1":[0,0],"2":[0,0]}}
,"/Users/soup/parkinson-research/src/app/[lang]/reports/page.tsx": {"path":"/Users/soup/parkinson-research/src/app/[lang]/reports/page.tsx","statementMap":{"0":{"start":{"line":10,"column":0},"end":{"line":10,"column":7}},"1":{"start":{"line":19,"column":0},"end":{"line":19,"column":15}},"2":{"start":{"line":1,"column":0},"end":{"line":1,"column":28}},"3":{"start":{"line":3,"column":0},"end":{"line":3,"column":48}},"4":{"start":{"line":4,"column":0},"end":{"line":4,"column":68}},"5":{"start":{"line":11,"column":19},"end":{"line":11,"column":31}},"6":{"start":{"line":12,"column":21},"end":{"line":12,"column":46}},"7":{"start":{"line":13,"column":2},"end":{"line":16,"column":null}},"8":{"start":{"line":20,"column":19},"end":{"line":20,"column":31}},"9":{"start":{"line":21,"column":21},"end":{"line":21,"column":46}},"10":{"start":{"line":22,"column":16},"end":{"line":22,"column":41}},"11":{"start":{"line":23,"column":12},"end":{"line":23,"column":30}},"12":{"start":{"line":25,"column":21},"end":{"line":32,"column":3}},"13":{"start":{"line":26,"column":4},"end":{"line":31,"column":null}},"14":{"start":{"line":34,"column":2},"end":{"line":97,"column":null}},"15":{"start":{"line":52,"column":25},"end":{"line":52,"column":48}},"16":{"start":{"line":54,"column":12},"end":{"line":72,"column":null}}},"fnMap":{"0":{"name":"generateMetadata","decl":{"start":{"line":10,"column":22},"end":{"line":10,"column":38}},"loc":{"start":{"line":10,"column":56},"end":{"line":17,"column":1}}},"1":{"name":"ReportsPage","decl":{"start":{"line":19,"column":30},"end":{"line":19,"column":41}},"loc":{"start":{"line":19,"column":59},"end":{"line":98,"column":1}}},"2":{"name":"(anonymous_3)","decl":{"start":{"line":25,"column":21},"end":{"line":25,"column":22}},"loc":{"start":{"line":25,"column":38},"end":{"line":32,"column":3}}},"3":{"name":"(anonymous_4)","decl":{"start":{"line":51,"column":21},"end":{"line":51,"column":22}},"loc":{"start":{"line":51,"column":30},"end":{"line":73,"column":11}}}},"branchMap":{"0":{"loc":{"start":{"line":26,"column":45},"end":{"line":26,"column":78}},"type":"cond-expr","locations":[{"start":{"line":26,"column":61},"end":{"line":26,"column":68}},{"start":{"line":26,"column":71},"end":{"line":26,"column":78}}]},"1":{"loc":{"start":{"line":41,"column":7},"end":{"line":74,"column":null}},"type":"cond-expr","locations":[{"start":{"line":42,"column":8},"end":{"line":47,"column":null}},{"start":{"line":50,"column":8},"end":{"line":73,"column":null}}]},"2":{"loc":{"start":{"line":63,"column":21},"end":{"line":64,"column":null}},"type":"binary-expr","locations":[{"start":{"line":63,"column":21},"end":{"line":63,"column":34}},{"start":{"line":64,"column":22},"end":{"line":64,"column":96}}]},"3":{"loc":{"start":{"line":63,"column":21},"end":{"line":63,"column":34}},"type":"cond-expr","locations":[{"start":{"line":63,"column":25},"end":{"line":63,"column":27}},{"start":{"line":63,"column":21},"end":{"line":63,"column":34}}]},"4":{"loc":{"start":{"line":63,"column":21},"end":{"line":63,"column":27}},"type":"binary-expr","locations":[{"start":{"line":63,"column":21},"end":{"line":63,"column":27}},{"start":{"line":63,"column":21},"end":{"line":63,"column":27}}]}},"s":{"0":0,"1":0,"2":0,"3":0,"4":0,"5":0,"6":0,"7":0,"8":0,"9":0,"10":0,"11":0,"12":0,"13":0,"14":0,"15":0,"16":0},"f":{"0":0,"1":0,"2":0,"3":0},"b":{"0":[0,0],"1":[0,0],"2":[0,0],"3":[0,0],"4":[0,0]}}
,"/Users/soup/parkinson-research/src/app/[lang]/resources/page.tsx": {"path":"/Users/soup/parkinson-research/src/app/[lang]/resources/page.tsx","statementMap":{"0":{"start":{"line":8,"column":0},"end":{"line":8,"column":7}},"1":{"start":{"line":17,"column":0},"end":{"line":17,"column":15}},"2":{"start":{"line":2,"column":0},"end":{"line":2,"column":48}},"3":{"start":{"line":9,"column":19},"end":{"line":9,"column":31}},"4":{"start":{"line":10,"column":21},"end":{"line":10,"column":46}},"5":{"start":{"line":11,"column":2},"end":{"line":14,"column":null}},"6":{"start":{"line":18,"column":19},"end":{"line":18,"column":31}},"7":{"start":{"line":19,"column":21},"end":{"line":19,"column":46}},"8":{"start":{"line":20,"column":12},"end":{"line":20,"column":52}},"9":{"start":{"line":22,"column":2},"end":{"line":269,"column":null}},"10":{"start":{"line":286,"column":4},"end":{"line":306,"column":null}},"11":{"start":{"line":310,"column":2},"end":{"line":316,"column":3}},"12":{"start":{"line":311,"column":4},"end":{"line":315,"column":null}},"13":{"start":{"line":318,"column":2},"end":{"line":327,"column":null}},"14":{"start":{"line":330,"column":25},"end":{"line":372,"column":null}}},"fnMap":{"0":{"name":"generateMetadata","decl":{"start":{"line":8,"column":22},"end":{"line":8,"column":38}},"loc":{"start":{"line":8,"column":56},"end":{"line":15,"column":1}}},"1":{"name":"ResourcesPage","decl":{"start":{"line":17,"column":30},"end":{"line":17,"column":43}},"loc":{"start":{"line":17,"column":61},"end":{"line":270,"column":1}}},"2":{"name":"ResourceItem","decl":{"start":{"line":272,"column":9},"end":{"line":272,"column":21}},"loc":{"start":{"line":284,"column":1},"end":{"line":328,"column":1}}}},"branchMap":{"0":{"loc":{"start":{"line":12,"column":11},"end":{"line":12,"column":53}},"type":"binary-expr","locations":[{"start":{"line":12,"column":11},"end":{"line":12,"column":38}},{"start":{"line":12,"column":42},"end":{"line":12,"column":53}}]},"1":{"loc":{"start":{"line":12,"column":11},"end":{"line":12,"column":38}},"type":"cond-expr","locations":[{"start":{"line":12,"column":31},"end":{"line":12,"column":33}},{"start":{"line":12,"column":31},"end":{"line":12,"column":38}}]},"2":{"loc":{"start":{"line":12,"column":11},"end":{"line":12,"column":33}},"type":"binary-expr","locations":[{"start":{"line":12,"column":11},"end":{"line":12,"column":33}},{"start":{"line":12,"column":31},"end":{"line":12,"column":33}}]},"3":{"loc":{"start":{"line":20,"column":12},"end":{"line":20,"column":52}},"type":"binary-expr","locations":[{"start":{"line":20,"column":12},"end":{"line":20,"column":32}},{"start":{"line":20,"column":36},"end":{"line":20,"column":52}}]},"4":{"loc":{"start":{"line":34,"column":13},"end":{"line":34,"column":58}},"type":"binary-expr","locations":[{"start":{"line":34,"column":13},"end":{"line":34,"column":31}},{"start":{"line":34,"column":35},"end":{"line":34,"column":58}}]},"5":{"loc":{"start":{"line":34,"column":13},"end":{"line":34,"column":31}},"type":"cond-expr","locations":[{"start":{"line":34,"column":24},"end":{"line":34,"column":26}},{"start":{"line":34,"column":24},"end":{"line":34,"column":31}}]},"6":{"loc":{"start":{"line":34,"column":13},"end":{"line":34,"column":26}},"type":"binary-expr","locations":[{"start":{"line":34,"column":13},"end":{"line":34,"column":26}},{"start":{"line":34,"column":24},"end":{"line":34,"column":26}}]},"7":{"loc":{"start":{"line":40,"column":27},"end":{"line":40,"column":163}},"type":"binary-expr","locations":[{"start":{"line":40,"column":27},"end":{"line":40,"column":50}},{"start":{"line":40,"column":54},"end":{"line":40,"column":163}}]},"8":{"loc":{"start":{"line":40,"column":27},"end":{"line":40,"column":50}},"type":"cond-expr","locations":[{"start":{"line":40,"column":38},"end":{"line":40,"column":40}},{"start":{"line":40,"column":38},"end":{"line":40,"column":50}}]},"9":{"loc":{"start":{"line":40,"column":27},"end":{"line":40,"column":40}},"type":"binary-expr","locations":[{"start":{"line":40,"column":27},"end":{"line":40,"column":40}},{"start":{"line":40,"column":38},"end":{"line":40,"column":40}}]},"10":{"loc":{"start":{"line":46,"column":27},"end":{"line":46,"column":135}},"type":"binary-expr","locations":[{"start":{"line":46,"column":27},"end":{"line":46,"column":47}},{"start":{"line":46,"column":51},"end":{"line":46,"column":135}}]},"11":{"loc":{"start":{"line":46,"column":27},"end":{"line":46,"column":47}},"type":"cond-expr","locations":[{"start":{"line":46,"column":38},"end":{"line":46,"column":40}},{"start":{"line":46,"column":38},"end":{"line":46,"column":47}}]},"12":{"loc":{"start":{"line":46,"column":27},"end":{"line":46,"column":40}},"type":"binary-expr","locations":[{"start":{"line":46,"column":27},"end":{"line":46,"column":40}},{"start":{"line":46,"column":38},"end":{"line":46,"column":40}}]},"13":{"loc":{"start":{"line":52,"column":27},"end":{"line":52,"column":130}},"type":"binary-expr","locations":[{"start":{"line":52,"column":27},"end":{"line":52,"column":48}},{"start":{"line":52,"column":52},"end":{"line":52,"column":130}}]},"14":{"loc":{"start":{"line":52,"column":27},"end":{"line":52,"column":48}},"type":"cond-expr","locations":[{"start":{"line":52,"column":38},"end":{"line":52,"column":40}},{"start":{"line":52,"column":38},"end":{"line":52,"column":48}}]},"15":{"loc":{"start":{"line":52,"column":27},"end":{"line":52,"column":40}},"type":"binary-expr","locations":[{"start":{"line":52,"column":27},"end":{"line":52,"column":40}},{"start":{"line":52,"column":38},"end":{"line":52,"column":40}}]},"16":{"loc":{"start":{"line":64,"column":13},"end":{"line":64,"column":62}},"type":"binary-expr","locations":[{"start":{"line":64,"column":13},"end":{"line":64,"column":30}},{"start":{"line":64,"column":34},"end":{"line":64,"column":62}}]},"17":{"loc":{"start":{"line":64,"column":13},"end":{"line":64,"column":30}},"type":"cond-expr","locations":[{"start":{"line":64,"column":23},"end":{"line":64,"column":25}},{"start":{"line":64,"column":23},"end":{"line":64,"column":30}}]},"18":{"loc":{"start":{"line":64,"column":13},"end":{"line":64,"column":25}},"type":"binary-expr","locations":[{"start":{"line":64,"column":13},"end":{"line":64,"column":25}},{"start":{"line":64,"column":23},"end":{"line":64,"column":25}}]},"19":{"loc":{"start":{"line":70,"column":27},"end":{"line":70,"column":156}},"type":"binary-expr","locations":[{"start":{"line":70,"column":27},"end":{"line":70,"column":57}},{"start":{"line":70,"column":61},"end":{"line":70,"column":156}}]},"20":{"loc":{"start":{"line":70,"column":27},"end":{"line":70,"column":57}},"type":"cond-expr","locations":[{"start":{"line":70,"column":37},"end":{"line":70,"column":39}},{"start":{"line":70,"column":37},"end":{"line":70,"column":57}}]},"21":{"loc":{"start":{"line":70,"column":27},"end":{"line":70,"column":39}},"type":"binary-expr","locations":[{"start":{"line":70,"column":27},"end":{"line":70,"column":39}},{"start":{"line":70,"column":37},"end":{"line":70,"column":39}}]},"22":{"loc":{"start":{"line":77,"column":27},"end":{"line":77,"column":157}},"type":"binary-expr","locations":[{"start":{"line":77,"column":27},"end":{"line":77,"column":51}},{"start":{"line":77,"column":55},"end":{"line":77,"column":157}}]},"23":{"loc":{"start":{"line":77,"column":27},"end":{"line":77,"column":51}},"type":"cond-expr","locations":[{"start":{"line":77,"column":37},"end":{"line":77,"column":39}},{"start":{"line":77,"column":37},"end":{"line":77,"column":51}}]},"24":{"loc":{"start":{"line":77,"column":27},"end":{"line":77,"column":39}},"type":"binary-expr","locations":[{"start":{"line":77,"column":27},"end":{"line":77,"column":39}},{"start":{"line":77,"column":37},"end":{"line":77,"column":39}}]},"25":{"loc":{"start":{"line":84,"column":27},"end":{"line":84,"column":133}},"type":"binary-expr","locations":[{"start":{"line":84,"column":27},"end":{"line":84,"column":56}},{"start":{"line":84,"column":60},"end":{"line":84,"column":133}}]},"26":{"loc":{"start":{"line":84,"column":27},"end":{"line":84,"column":56}},"type":"cond-expr","locations":[{"start":{"line":84,"column":37},"end":{"line":84,"column":39}},{"start":{"line":84,"column":37},"end":{"line":84,"column":56}}]},"27":{"loc":{"start":{"line":84,"column":27},"end":{"line":84,"column":39}},"type":"binary-expr","locations":[{"start":{"line":84,"column":27},"end":{"line":84,"column":39}},{"start":{"line":84,"column":37},"end":{"line":84,"column":39}}]},"28":{"loc":{"start":{"line":97,"column":13},"end":{"line":97,"column":61}},"type":"binary-expr","locations":[{"start":{"line":97,"column":13},"end":{"line":97,"column":30}},{"start":{"line":97,"column":34},"end":{"line":97,"column":61}}]},"29":{"loc":{"start":{"line":97,"column":13},"end":{"line":97,"column":30}},"type":"cond-expr","locations":[{"start":{"line":97,"column":23},"end":{"line":97,"column":25}},{"start":{"line":97,"column":23},"end":{"line":97,"column":30}}]},"30":{"loc":{"start":{"line":97,"column":13},"end":{"line":97,"column":25}},"type":"binary-expr","locations":[{"start":{"line":97,"column":13},"end":{"line":97,"column":25}},{"start":{"line":97,"column":23},"end":{"line":97,"column":25}}]},"31":{"loc":{"start":{"line":103,"column":27},"end":{"line":103,"column":160}},"type":"binary-expr","locations":[{"start":{"line":103,"column":27},"end":{"line":103,"column":46}},{"start":{"line":103,"column":50},"end":{"line":103,"column":160}}]},"32":{"loc":{"start":{"line":103,"column":27},"end":{"line":103,"column":46}},"type":"cond-expr","locations":[{"start":{"line":103,"column":37},"end":{"line":103,"column":39}},{"start":{"line":103,"column":37},"end":{"line":103,"column":46}}]},"33":{"loc":{"start":{"line":103,"column":27},"end":{"line":103,"column":39}},"type":"binary-expr","locations":[{"start":{"line":103,"column":27},"end":{"line":103,"column":39}},{"start":{"line":103,"column":37},"end":{"line":103,"column":39}}]},"34":{"loc":{"start":{"line":110,"column":27},"end":{"line":110,"column":167}},"type":"binary-expr","locations":[{"start":{"line":110,"column":27},"end":{"line":110,"column":47}},{"start":{"line":110,"column":51},"end":{"line":110,"column":167}}]},"35":{"loc":{"start":{"line":110,"column":27},"end":{"line":110,"column":47}},"type":"cond-expr","locations":[{"start":{"line":110,"column":37},"end":{"line":110,"column":39}},{"start":{"line":110,"column":37},"end":{"line":110,"column":47}}]},"36":{"loc":{"start":{"line":110,"column":27},"end":{"line":110,"column":39}},"type":"binary-expr","locations":[{"start":{"line":110,"column":27},"end":{"line":110,"column":39}},{"start":{"line":110,"column":37},"end":{"line":110,"column":39}}]},"37":{"loc":{"start":{"line":117,"column":27},"end":{"line":117,"column":148}},"type":"binary-expr","locations":[{"start":{"line":117,"column":27},"end":{"line":117,"column":53}},{"start":{"line":117,"column":57},"end":{"line":117,"column":148}}]},"38":{"loc":{"start":{"line":117,"column":27},"end":{"line":117,"column":53}},"type":"cond-expr","locations":[{"start":{"line":117,"column":37},"end":{"line":117,"column":39}},{"start":{"line":117,"column":37},"end":{"line":117,"column":53}}]},"39":{"loc":{"start":{"line":117,"column":27},"end":{"line":117,"column":39}},"type":"binary-expr","locations":[{"start":{"line":117,"column":27},"end":{"line":117,"column":39}},{"start":{"line":117,"column":37},"end":{"line":117,"column":39}}]},"40":{"loc":{"start":{"line":124,"column":27},"end":{"line":124,"column":148}},"type":"binary-expr","locations":[{"start":{"line":124,"column":27},"end":{"line":124,"column":48}},{"start":{"line":124,"column":52},"end":{"line":124,"column":148}}]},"41":{"loc":{"start":{"line":124,"column":27},"end":{"line":124,"column":48}},"type":"cond-expr","locations":[{"start":{"line":124,"column":37},"end":{"line":124,"column":39}},{"start":{"line":124,"column":37},"end":{"line":124,"column":48}}]},"42":{"loc":{"start":{"line":124,"column":27},"end":{"line":124,"column":39}},"type":"binary-expr","locations":[{"start":{"line":124,"column":27},"end":{"line":124,"column":39}},{"start":{"line":124,"column":37},"end":{"line":124,"column":39}}]},"43":{"loc":{"start":{"line":137,"column":13},"end":{"line":137,"column":63}},"type":"binary-expr","locations":[{"start":{"line":137,"column":13},"end":{"line":137,"column":31}},{"start":{"line":137,"column":35},"end":{"line":137,"column":63}}]},"44":{"loc":{"start":{"line":137,"column":13},"end":{"line":137,"column":31}},"type":"cond-expr","locations":[{"start":{"line":137,"column":24},"end":{"line":137,"column":26}},{"start":{"line":137,"column":24},"end":{"line":137,"column":31}}]},"45":{"loc":{"start":{"line":137,"column":13},"end":{"line":137,"column":26}},"type":"binary-expr","locations":[{"start":{"line":137,"column":13},"end":{"line":137,"column":26}},{"start":{"line":137,"column":24},"end":{"line":137,"column":26}}]},"46":{"loc":{"start":{"line":143,"column":27},"end":{"line":143,"column":164}},"type":"binary-expr","locations":[{"start":{"line":143,"column":27},"end":{"line":143,"column":47}},{"start":{"line":143,"column":51},"end":{"line":143,"column":164}}]},"47":{"loc":{"start":{"line":143,"column":27},"end":{"line":143,"column":47}},"type":"cond-expr","locations":[{"start":{"line":143,"column":38},"end":{"line":143,"column":40}},{"start":{"line":143,"column":38},"end":{"line":143,"column":47}}]},"48":{"loc":{"start":{"line":143,"column":27},"end":{"line":143,"column":40}},"type":"binary-expr","locations":[{"start":{"line":143,"column":27},"end":{"line":143,"column":40}},{"start":{"line":143,"column":38},"end":{"line":143,"column":40}}]},"49":{"loc":{"start":{"line":150,"column":27},"end":{"line":150,"column":155}},"type":"binary-expr","locations":[{"start":{"line":150,"column":27},"end":{"line":150,"column":52}},{"start":{"line":150,"column":56},"end":{"line":150,"column":155}}]},"50":{"loc":{"start":{"line":150,"column":27},"end":{"line":150,"column":52}},"type":"cond-expr","locations":[{"start":{"line":150,"column":38},"end":{"line":150,"column":40}},{"start":{"line":150,"column":38},"end":{"line":150,"column":52}}]},"51":{"loc":{"start":{"line":150,"column":27},"end":{"line":150,"column":40}},"type":"binary-expr","locations":[{"start":{"line":150,"column":27},"end":{"line":150,"column":40}},{"start":{"line":150,"column":38},"end":{"line":150,"column":40}}]},"52":{"loc":{"start":{"line":157,"column":27},"end":{"line":157,"column":135}},"type":"binary-expr","locations":[{"start":{"line":157,"column":27},"end":{"line":157,"column":48}},{"start":{"line":157,"column":52},"end":{"line":157,"column":135}}]},"53":{"loc":{"start":{"line":157,"column":27},"end":{"line":157,"column":48}},"type":"cond-expr","locations":[{"start":{"line":157,"column":38},"end":{"line":157,"column":40}},{"start":{"line":157,"column":38},"end":{"line":157,"column":48}}]},"54":{"loc":{"start":{"line":157,"column":27},"end":{"line":157,"column":40}},"type":"binary-expr","locations":[{"start":{"line":157,"column":27},"end":{"line":157,"column":40}},{"start":{"line":157,"column":38},"end":{"line":157,"column":40}}]},"55":{"loc":{"start":{"line":164,"column":27},"end":{"line":164,"column":155}},"type":"binary-expr","locations":[{"start":{"line":164,"column":27},"end":{"line":164,"column":54}},{"start":{"line":164,"column":58},"end":{"line":164,"column":155}}]},"56":{"loc":{"start":{"line":164,"column":27},"end":{"line":164,"column":54}},"type":"cond-expr","locations":[{"start":{"line":164,"column":38},"end":{"line":164,"column":40}},{"start":{"line":164,"column":38},"end":{"line":164,"column":54}}]},"57":{"loc":{"start":{"line":164,"column":27},"end":{"line":164,"column":40}},"type":"binary-expr","locations":[{"start":{"line":164,"column":27},"end":{"line":164,"column":40}},{"start":{"line":164,"column":38},"end":{"line":164,"column":40}}]},"58":{"loc":{"start":{"line":177,"column":13},"end":{"line":177,"column":69}},"type":"binary-expr","locations":[{"start":{"line":177,"column":13},"end":{"line":177,"column":31}},{"start":{"line":177,"column":35},"end":{"line":177,"column":69}}]},"59":{"loc":{"start":{"line":177,"column":13},"end":{"line":177,"column":31}},"type":"cond-expr","locations":[{"start":{"line":177,"column":24},"end":{"line":177,"column":26}},{"start":{"line":177,"column":24},"end":{"line":177,"column":31}}]},"60":{"loc":{"start":{"line":177,"column":13},"end":{"line":177,"column":26}},"type":"binary-expr","locations":[{"start":{"line":177,"column":13},"end":{"line":177,"column":26}},{"start":{"line":177,"column":24},"end":{"line":177,"column":26}}]},"61":{"loc":{"start":{"line":183,"column":27},"end":{"line":183,"column":153}},"type":"binary-expr","locations":[{"start":{"line":183,"column":27},"end":{"line":183,"column":52}},{"start":{"line":183,"column":56},"end":{"line":183,"column":153}}]},"62":{"loc":{"start":{"line":183,"column":27},"end":{"line":183,"column":52}},"type":"cond-expr","locations":[{"start":{"line":183,"column":38},"end":{"line":183,"column":40}},{"start":{"line":183,"column":38},"end":{"line":183,"column":52}}]},"63":{"loc":{"start":{"line":183,"column":27},"end":{"line":183,"column":40}},"type":"binary-expr","locations":[{"start":{"line":183,"column":27},"end":{"line":183,"column":40}},{"start":{"line":183,"column":38},"end":{"line":183,"column":40}}]},"64":{"loc":{"start":{"line":190,"column":27},"end":{"line":190,"column":158}},"type":"binary-expr","locations":[{"start":{"line":190,"column":27},"end":{"line":190,"column":48}},{"start":{"line":190,"column":52},"end":{"line":190,"column":158}}]},"65":{"loc":{"start":{"line":190,"column":27},"end":{"line":190,"column":48}},"type":"cond-expr","locations":[{"start":{"line":190,"column":38},"end":{"line":190,"column":40}},{"start":{"line":190,"column":38},"end":{"line":190,"column":48}}]},"66":{"loc":{"start":{"line":190,"column":27},"end":{"line":190,"column":40}},"type":"binary-expr","locations":[{"start":{"line":190,"column":27},"end":{"line":190,"column":40}},{"start":{"line":190,"column":38},"end":{"line":190,"column":40}}]},"67":{"loc":{"start":{"line":197,"column":27},"end":{"line":197,"column":150}},"type":"binary-expr","locations":[{"start":{"line":197,"column":27},"end":{"line":197,"column":52}},{"start":{"line":197,"column":56},"end":{"line":197,"column":150}}]},"68":{"loc":{"start":{"line":197,"column":27},"end":{"line":197,"column":52}},"type":"cond-expr","locations":[{"start":{"line":197,"column":38},"end":{"line":197,"column":40}},{"start":{"line":197,"column":38},"end":{"line":197,"column":52}}]},"69":{"loc":{"start":{"line":197,"column":27},"end":{"line":197,"column":40}},"type":"binary-expr","locations":[{"start":{"line":197,"column":27},"end":{"line":197,"column":40}},{"start":{"line":197,"column":38},"end":{"line":197,"column":40}}]},"70":{"loc":{"start":{"line":204,"column":27},"end":{"line":204,"column":150}},"type":"binary-expr","locations":[{"start":{"line":204,"column":27},"end":{"line":204,"column":53}},{"start":{"line":204,"column":57},"end":{"line":204,"column":150}}]},"71":{"loc":{"start":{"line":204,"column":27},"end":{"line":204,"column":53}},"type":"cond-expr","locations":[{"start":{"line":204,"column":38},"end":{"line":204,"column":40}},{"start":{"line":204,"column":38},"end":{"line":204,"column":53}}]},"72":{"loc":{"start":{"line":204,"column":27},"end":{"line":204,"column":40}},"type":"binary-expr","locations":[{"start":{"line":204,"column":27},"end":{"line":204,"column":40}},{"start":{"line":204,"column":38},"end":{"line":204,"column":40}}]},"73":{"loc":{"start":{"line":217,"column":13},"end":{"line":217,"column":60}},"type":"binary-expr","locations":[{"start":{"line":217,"column":13},"end":{"line":217,"column":28}},{"start":{"line":217,"column":32},"end":{"line":217,"column":60}}]},"74":{"loc":{"start":{"line":217,"column":13},"end":{"line":217,"column":28}},"type":"cond-expr","locations":[{"start":{"line":217,"column":21},"end":{"line":217,"column":23}},{"start":{"line":217,"column":21},"end":{"line":217,"column":28}}]},"75":{"loc":{"start":{"line":217,"column":13},"end":{"line":217,"column":23}},"type":"binary-expr","locations":[{"start":{"line":217,"column":13},"end":{"line":217,"column":23}},{"start":{"line":217,"column":21},"end":{"line":217,"column":23}}]},"76":{"loc":{"start":{"line":223,"column":27},"end":{"line":223,"column":139}},"type":"binary-expr","locations":[{"start":{"line":223,"column":27},"end":{"line":223,"column":51}},{"start":{"line":223,"column":55},"end":{"line":223,"column":139}}]},"77":{"loc":{"start":{"line":223,"column":27},"end":{"line":223,"column":51}},"type":"cond-expr","locations":[{"start":{"line":223,"column":35},"end":{"line":223,"column":37}},{"start":{"line":223,"column":35},"end":{"line":223,"column":51}}]},"78":{"loc":{"start":{"line":223,"column":27},"end":{"line":223,"column":37}},"type":"binary-expr","locations":[{"start":{"line":223,"column":27},"end":{"line":223,"column":37}},{"start":{"line":223,"column":35},"end":{"line":223,"column":37}}]},"79":{"loc":{"start":{"line":230,"column":27},"end":{"line":230,"column":174}},"type":"binary-expr","locations":[{"start":{"line":230,"column":27},"end":{"line":230,"column":56}},{"start":{"line":230,"column":60},"end":{"line":230,"column":174}}]},"80":{"loc":{"start":{"line":230,"column":27},"end":{"line":230,"column":56}},"type":"cond-expr","locations":[{"start":{"line":230,"column":35},"end":{"line":230,"column":37}},{"start":{"line":230,"column":35},"end":{"line":230,"column":56}}]},"81":{"loc":{"start":{"line":230,"column":27},"end":{"line":230,"column":37}},"type":"binary-expr","locations":[{"start":{"line":230,"column":27},"end":{"line":230,"column":37}},{"start":{"line":230,"column":35},"end":{"line":230,"column":37}}]},"82":{"loc":{"start":{"line":236,"column":27},"end":{"line":236,"column":161}},"type":"binary-expr","locations":[{"start":{"line":236,"column":27},"end":{"line":236,"column":49}},{"start":{"line":236,"column":53},"end":{"line":236,"column":161}}]},"83":{"loc":{"start":{"line":236,"column":27},"end":{"line":236,"column":49}},"type":"cond-expr","locations":[{"start":{"line":236,"column":35},"end":{"line":236,"column":37}},{"start":{"line":236,"column":35},"end":{"line":236,"column":49}}]},"84":{"loc":{"start":{"line":236,"column":27},"end":{"line":236,"column":37}},"type":"binary-expr","locations":[{"start":{"line":236,"column":27},"end":{"line":236,"column":37}},{"start":{"line":236,"column":35},"end":{"line":236,"column":37}}]},"85":{"loc":{"start":{"line":277,"column":2},"end":{"line":277,"column":18}},"type":"default-arg","locations":[{"start":{"line":277,"column":13},"end":{"line":277,"column":18}}]},"86":{"loc":{"start":{"line":289,"column":9},"end":{"line":290,"column":null}},"type":"binary-expr","locations":[{"start":{"line":289,"column":9},"end":{"line":289,"column":14}},{"start":{"line":290,"column":10},"end":{"line":290,"column":70}}]},"87":{"loc":{"start":{"line":294,"column":7},"end":{"line":305,"column":null}},"type":"binary-expr","locations":[{"start":{"line":294,"column":7},"end":{"line":294,"column":11}},{"start":{"line":295,"column":8},"end":{"line":304,"column":null}}]},"88":{"loc":{"start":{"line":296,"column":11},"end":{"line":303,"column":null}},"type":"cond-expr","locations":[{"start":{"line":297,"column":12},"end":{"line":298,"column":null}},{"start":{"line":301,"column":12},"end":{"line":302,"column":null}}]},"89":{"loc":{"start":{"line":310,"column":2},"end":{"line":316,"column":3}},"type":"if","locations":[{"start":{"line":310,"column":2},"end":{"line":316,"column":3}},{"start":{},"end":{}}]},"90":{"loc":{"start":{"line":321,"column":14},"end":{"line":321,"column":45}},"type":"cond-expr","locations":[{"start":{"line":321,"column":25},"end":{"line":321,"column":33}},{"start":{"line":321,"column":36},"end":{"line":321,"column":45}}]},"91":{"loc":{"start":{"line":322,"column":11},"end":{"line":322,"column":55}},"type":"cond-expr","locations":[{"start":{"line":322,"column":22},"end":{"line":322,"column":43}},{"start":{"line":322,"column":46},"end":{"line":322,"column":55}}]}},"s":{"0":0,"1":0,"2":0,"3":0,"4":0,"5":0,"6":0,"7":0,"8":0,"9":0,"10":0,"11":0,"12":0,"13":0,"14":0},"f":{"0":0,"1":0,"2":0},"b":{"0":[0,0],"1":[0,0],"2":[0,0],"3":[0,0],"4":[0,0],"5":[0,0],"6":[0,0],"7":[0,0],"8":[0,0],"9":[0,0],"10":[0,0],"11":[0,0],"12":[0,0],"13":[0,0],"14":[0,0],"15":[0,0],"16":[0,0],"17":[0,0],"18":[0,0],"19":[0,0],"20":[0,0],"21":[0,0],"22":[0,0],"23":[0,0],"24":[0,0],"25":[0,0],"26":[0,0],"27":[0,0],"28":[0,0],"29":[0,0],"30":[0,0],"31":[0,0],"32":[0,0],"33":[0,0],"34":[0,0],"35":[0,0],"36":[0,0],"37":[0,0],"38":[0,0],"39":[0,0],"40":[0,0],"41":[0,0],"42":[0,0],"43":[0,0],"44":[0,0],"45":[0,0],"46":[0,0],"47":[0,0],"48":[0,0],"49":[0,0],"50":[0,0],"51":[0,0],"52":[0,0],"53":[0,0],"54":[0,0],"55":[0,0],"56":[0,0],"57":[0,0],"58":[0,0],"59":[0,0],"60":[0,0],"61":[0,0],"62":[0,0],"63":[0,0],"64":[0,0],"65":[0,0],"66":[0,0],"67":[0,0],"68":[0,0],"69":[0,0],"70":[0,0],"71":[0,0],"72":[0,0],"73":[0,0],"74":[0,0],"75":[0,0],"76":[0,0],"77":[0,0],"78":[0,0],"79":[0,0],"80":[0,0],"81":[0,0],"82":[0,0],"83":[0,0],"84":[0,0],"85":[0],"86":[0,0],"87":[0,0],"88":[0,0],"89":[0,0],"90":[0,0],"91":[0,0]}}
,"/Users/soup/parkinson-research/src/components/Footer.tsx": {"path":"/Users/soup/parkinson-research/src/components/Footer.tsx","statementMap":{"0":{"start":{"line":8,"column":0},"end":{"line":8,"column":24}},"1":{"start":{"line":1,"column":0},"end":{"line":1,"column":28}},"2":{"start":{"line":9,"column":2},"end":{"line":66,"column":null}}},"fnMap":{"0":{"name":"Footer","decl":{"start":{"line":8,"column":24},"end":{"line":8,"column":30}},"loc":{"start":{"line":8,"column":52},"end":{"line":67,"column":1}}}},"branchMap":{},"s":{"0":0,"1":0,"2":0},"f":{"0":0},"b":{}}
,"/Users/soup/parkinson-research/src/components/Header.tsx": {"path":"/Users/soup/parkinson-research/src/components/Header.tsx","statementMap":{"0":{"start":{"line":18,"column":0},"end":{"line":18,"column":24}},"1":{"start":{"line":3,"column":0},"end":{"line":3,"column":28}},"2":{"start":{"line":4,"column":0},"end":{"line":4,"column":45}},"3":{"start":{"line":6,"column":0},"end":{"line":6,"column":43}},"4":{"start":{"line":13,"column":46},"end":{"line":16,"column":null}},"5":{"start":{"line":19,"column":19},"end":{"line":19,"column":32}},"6":{"start":{"line":20,"column":38},"end":{"line":20,"column":53}},"7":{"start":{"line":23,"column":23},"end":{"line":27,"column":3}},"8":{"start":{"line":24,"column":21},"end":{"line":24,"column":40}},"9":{"start":{"line":25,"column":4},"end":{"line":25,"column":null}},"10":{"start":{"line":26,"column":4},"end":{"line":26,"column":null}},"11":{"start":{"line":30,"column":2},"end":{"line":32,"column":null}},"12":{"start":{"line":31,"column":4},"end":{"line":31,"column":null}},"13":{"start":{"line":34,"column":2},"end":{"line":130,"column":null}},"14":{"start":{"line":68,"column":18},"end":{"line":68,"column":null}},"15":{"start":{"line":81,"column":27},"end":{"line":81,"column":53}},"16":{"start":{"line":117,"column":18},"end":{"line":117,"column":null}}},"fnMap":{"0":{"name":"Header","decl":{"start":{"line":18,"column":24},"end":{"line":18,"column":30}},"loc":{"start":{"line":18,"column":58},"end":{"line":131,"column":1}}},"1":{"name":"(anonymous_2)","decl":{"start":{"line":23,"column":23},"end":{"line":23,"column":24}},"loc":{"start":{"line":23,"column":45},"end":{"line":27,"column":3}}},"2":{"name":"(anonymous_3)","decl":{"start":{"line":30,"column":12},"end":{"line":30,"column":15}},"loc":{"start":{"line":30,"column":17},"end":{"line":32,"column":3}}},"3":{"name":"(anonymous_4)","decl":{"start":{"line":67,"column":26},"end":{"line":67,"column":27}},"loc":{"start":{"line":67,"column":32},"end":{"line":69,"column":17}}},"4":{"name":"(anonymous_5)","decl":{"start":{"line":81,"column":21},"end":{"line":81,"column":24}},"loc":{"start":{"line":81,"column":27},"end":{"line":81,"column":53}}},"5":{"name":"(anonymous_6)","decl":{"start":{"line":116,"column":26},"end":{"line":116,"column":27}},"loc":{"start":{"line":116,"column":32},"end":{"line":118,"column":17}}}},"branchMap":{"0":{"loc":{"start":{"line":26,"column":11},"end":{"line":26,"column":36}},"type":"binary-expr","locations":[{"start":{"line":26,"column":11},"end":{"line":26,"column":29}},{"start":{"line":26,"column":33},"end":{"line":26,"column":36}}]},"1":{"loc":{"start":{"line":53,"column":67},"end":{"line":53,"column":135}},"type":"cond-expr","locations":[{"start":{"line":53,"column":101},"end":{"line":53,"column":130}},{"start":{"line":53,"column":133},"end":{"line":53,"column":135}}]},"2":{"loc":{"start":{"line":56,"column":69},"end":{"line":56,"column":139}},"type":"cond-expr","locations":[{"start":{"line":56,"column":105},"end":{"line":56,"column":134}},{"start":{"line":56,"column":137},"end":{"line":56,"column":139}}]},"3":{"loc":{"start":{"line":59,"column":65},"end":{"line":59,"column":131}},"type":"cond-expr","locations":[{"start":{"line":59,"column":97},"end":{"line":59,"column":126}},{"start":{"line":59,"column":129},"end":{"line":59,"column":131}}]},"4":{"loc":{"start":{"line":86,"column":13},"end":{"line":93,"column":null}},"type":"cond-expr","locations":[{"start":{"line":87,"column":14},"end":{"line":88,"column":null}},{"start":{"line":91,"column":14},"end":{"line":92,"column":null}}]},"5":{"loc":{"start":{"line":99,"column":9},"end":{"line":126,"column":null}},"type":"binary-expr","locations":[{"start":{"line":99,"column":9},"end":{"line":99,"column":19}},{"start":{"line":100,"column":10},"end":{"line":125,"column":null}}]},"6":{"loc":{"start":{"line":102,"column":69},"end":{"line":102,"column":137}},"type":"cond-expr","locations":[{"start":{"line":102,"column":103},"end":{"line":102,"column":132}},{"start":{"line":102,"column":135},"end":{"line":102,"column":137}}]},"7":{"loc":{"start":{"line":105,"column":71},"end":{"line":105,"column":141}},"type":"cond-expr","locations":[{"start":{"line":105,"column":107},"end":{"line":105,"column":136}},{"start":{"line":105,"column":139},"end":{"line":105,"column":141}}]},"8":{"loc":{"start":{"line":108,"column":67},"end":{"line":108,"column":133}},"type":"cond-expr","locations":[{"start":{"line":108,"column":99},"end":{"line":108,"column":128}},{"start":{"line":108,"column":131},"end":{"line":108,"column":133}}]}},"s":{"0":0,"1":0,"2":0,"3":0,"4":0,"5":0,"6":0,"7":0,"8":0,"9":0,"10":0,"11":0,"12":0,"13":0,"14":0,"15":0,"16":0},"f":{"0":0,"1":0,"2":0,"3":0,"4":0,"5":0},"b":{"0":[0,0],"1":[0,0],"2":[0,0],"3":[0,0],"4":[0,0],"5":[0,0],"6":[0,0],"7":[0,0],"8":[0,0]}}
,"/Users/soup/parkinson-research/src/components/ScrollReveal.tsx": {"path":"/Users/soup/parkinson-research/src/components/ScrollReveal.tsx","statementMap":{"0":{"start":{"line":11,"column":0},"end":{"line":11,"column":24}},"1":{"start":{"line":3,"column":0},"end":{"line":3,"column":41}},"2":{"start":{"line":12,"column":14},"end":{"line":12,"column":42}},"3":{"start":{"line":14,"column":2},"end":{"line":45,"column":null}},"4":{"start":{"line":15,"column":20},"end":{"line":15,"column":31}},"5":{"start":{"line":16,"column":4},"end":{"line":16,"column":24}},"6":{"start":{"line":16,"column":18},"end":{"line":16,"column":24}},"7":{"start":{"line":20,"column":6},"end":{"line":21,"column":67}},"8":{"start":{"line":23,"column":4},"end":{"line":26,"column":5}},"9":{"start":{"line":24,"column":6},"end":{"line":24,"column":null}},"10":{"start":{"line":25,"column":6},"end":{"line":25,"column":12}},"11":{"start":{"line":28,"column":21},"end":{"line":39,"column":null}},"12":{"start":{"line":30,"column":8},"end":{"line":37,"column":null}},"13":{"start":{"line":31,"column":10},"end":{"line":36,"column":11}},"14":{"start":{"line":32,"column":12},"end":{"line":34,"column":null}},"15":{"start":{"line":33,"column":14},"end":{"line":33,"column":null}},"16":{"start":{"line":35,"column":12},"end":{"line":35,"column":null}},"17":{"start":{"line":42,"column":4},"end":{"line":42,"column":null}},"18":{"start":{"line":44,"column":4},"end":{"line":44,"column":null}},"19":{"start":{"line":44,"column":17},"end":{"line":44,"column":38}},"20":{"start":{"line":47,"column":2},"end":{"line":51,"column":null}}},"fnMap":{"0":{"name":"ScrollReveal","decl":{"start":{"line":11,"column":24},"end":{"line":11,"column":36}},"loc":{"start":{"line":11,"column":95},"end":{"line":52,"column":1}}},"1":{"name":"(anonymous_1)","decl":{"start":{"line":14,"column":12},"end":{"line":14,"column":15}},"loc":{"start":{"line":14,"column":17},"end":{"line":45,"column":3}}},"2":{"name":"(anonymous_2)","decl":{"start":{"line":29,"column":6},"end":{"line":29,"column":7}},"loc":{"start":{"line":29,"column":18},"end":{"line":38,"column":7}}},"3":{"name":"(anonymous_3)","decl":{"start":{"line":30,"column":24},"end":{"line":30,"column":25}},"loc":{"start":{"line":30,"column":34},"end":{"line":37,"column":9}}},"4":{"name":"(anonymous_4)","decl":{"start":{"line":32,"column":23},"end":{"line":32,"column":26}},"loc":{"start":{"line":32,"column":28},"end":{"line":34,"column":13}}},"5":{"name":"(anonymous_5)","decl":{"start":{"line":44,"column":11},"end":{"line":44,"column":14}},"loc":{"start":{"line":44,"column":17},"end":{"line":44,"column":38}}}},"branchMap":{"0":{"loc":{"start":{"line":11,"column":49},"end":{"line":11,"column":63}},"type":"default-arg","locations":[{"start":{"line":11,"column":61},"end":{"line":11,"column":63}}]},"1":{"loc":{"start":{"line":11,"column":65},"end":{"line":11,"column":74}},"type":"default-arg","locations":[{"start":{"line":11,"column":73},"end":{"line":11,"column":74}}]},"2":{"loc":{"start":{"line":16,"column":4},"end":{"line":16,"column":24}},"type":"if","locations":[{"start":{"line":16,"column":4},"end":{"line":16,"column":24}},{"start":{},"end":{}}]},"3":{"loc":{"start":{"line":20,"column":6},"end":{"line":21,"column":67}},"type":"binary-expr","locations":[{"start":{"line":20,"column":6},"end":{"line":20,"column":67}},{"start":{"line":21,"column":6},"end":{"line":21,"column":67}}]},"4":{"loc":{"start":{"line":23,"column":4},"end":{"line":26,"column":5}},"type":"if","locations":[{"start":{"line":23,"column":4},"end":{"line":26,"column":5}},{"start":{},"end":{}}]},"5":{"loc":{"start":{"line":31,"column":10},"end":{"line":36,"column":11}},"type":"if","locations":[{"start":{"line":31,"column":10},"end":{"line":36,"column":11}},{"start":{},"end":{}}]}},"s":{"0":0,"1":0,"2":0,"3":0,"4":0,"5":0,"6":0,"7":0,"8":0,"9":0,"10":0,"11":0,"12":0,"13":0,"14":0,"15":0,"16":0,"17":0,"18":0,"19":0,"20":0},"f":{"0":0,"1":0,"2":0,"3":0,"4":0,"5":0},"b":{"0":[0],"1":[0],"2":[0,0],"3":[0,0],"4":[0,0],"5":[0,0]}}
,"/Users/soup/parkinson-research/src/lib/dictionary.ts": {"path":"/Users/soup/parkinson-research/src/lib/dictionary.ts","statementMap":{"0":{"start":{"line":10,"column":0},"end":{"line":10,"column":7}},"1":{"start":{"line":18,"column":0},"end":{"line":18,"column":16}},"2":{"start":{"line":1,"column":0},"end":{"line":1,"column":20}},"3":{"start":{"line":3,"column":21},"end":{"line":6,"column":null}},"4":{"start":{"line":4,"column":12},"end":{"line":4,"column":81}},"5":{"start":{"line":4,"column":12},"end":{"line":4,"column":49}},"6":{"start":{"line":4,"column":66},"end":{"line":4,"column":80}},"7":{"start":{"line":5,"column":12},"end":{"line":5,"column":81}},"8":{"start":{"line":5,"column":12},"end":{"line":5,"column":49}},"9":{"start":{"line":5,"column":66},"end":{"line":5,"column":80}},"10":{"start":{"line":12,"column":23},"end":{"line":12,"column":44}},"11":{"start":{"line":13,"column":17},"end":{"line":13,"column":65}},"12":{"start":{"line":15,"column":2},"end":{"line":15,"column":null}},"13":{"start":{"line":19,"column":15},"end":{"line":19,"column":26}},"14":{"start":{"line":20,"column":2},"end":{"line":20,"column":null}},"15":{"start":{"line":20,"column":13},"end":{"line":20,"column":null}},"16":{"start":{"line":21,"column":23},"end":{"line":21,"column":35}},"17":{"start":{"line":22,"column":2},"end":{"line":22,"column":null}}},"fnMap":{"0":{"name":"(anonymous_9)","decl":{"start":{"line":4,"column":6},"end":{"line":4,"column":9}},"loc":{"start":{"line":4,"column":12},"end":{"line":4,"column":81}}},"1":{"name":"(anonymous_10)","decl":{"start":{"line":4,"column":12},"end":{"line":4,"column":19}},"loc":{"start":{"line":4,"column":12},"end":{"line":4,"column":49}}},"2":{"name":"(anonymous_11)","decl":{"start":{"line":4,"column":54},"end":{"line":4,"column":55}},"loc":{"start":{"line":4,"column":66},"end":{"line":4,"column":80}}},"3":{"name":"(anonymous_12)","decl":{"start":{"line":5,"column":6},"end":{"line":5,"column":9}},"loc":{"start":{"line":5,"column":12},"end":{"line":5,"column":81}}},"4":{"name":"(anonymous_13)","decl":{"start":{"line":5,"column":12},"end":{"line":5,"column":19}},"loc":{"start":{"line":5,"column":12},"end":{"line":5,"column":49}}},"5":{"name":"(anonymous_14)","decl":{"start":{"line":5,"column":54},"end":{"line":5,"column":55}},"loc":{"start":{"line":5,"column":66},"end":{"line":5,"column":80}}},"6":{"name":"getDictionary","decl":{"start":{"line":10,"column":22},"end":{"line":10,"column":35}},"loc":{"start":{"line":10,"column":48},"end":{"line":16,"column":1}}},"7":{"name":"getLocaleFromParams","decl":{"start":{"line":18,"column":16},"end":{"line":18,"column":35}},"loc":{"start":{"line":18,"column":61},"end":{"line":23,"column":1}}}},"branchMap":{"0":{"loc":{"start":{"line":13,"column":17},"end":{"line":13,"column":65}},"type":"cond-expr","locations":[{"start":{"line":13,"column":54},"end":{"line":13,"column":58}},{"start":{"line":13,"column":61},"end":{"line":13,"column":65}}]},"1":{"loc":{"start":{"line":20,"column":2},"end":{"line":20,"column":null}},"type":"if","locations":[{"start":{"line":20,"column":2},"end":{"line":20,"column":null}},{"start":{},"end":{}}]},"2":{"loc":{"start":{"line":22,"column":9},"end":{"line":22,"column":50}},"type":"cond-expr","locations":[{"start":{"line":22,"column":39},"end":{"line":22,"column":43}},{"start":{"line":22,"column":46},"end":{"line":22,"column":50}}]}},"s":{"0":0,"1":0,"2":0,"3":0,"4":0,"5":0,"6":0,"7":0,"8":0,"9":0,"10":0,"11":0,"12":0,"13":0,"14":0,"15":0,"16":0,"17":0},"f":{"0":0,"1":0,"2":0,"3":0,"4":0,"5":0,"6":0,"7":0},"b":{"0":[0,0],"1":[0,0],"2":[0,0]}}
,"/Users/soup/parkinson-research/src/lib/reports.ts": {"path":"/Users/soup/parkinson-research/src/lib/reports.ts","statementMap":{"0":{"start":{"line":94,"column":0},"end":{"line":94,"column":7}},"1":{"start":{"line":110,"column":0},"end":{"line":110,"column":16}},"2":{"start":{"line":131,"column":0},"end":{"line":131,"column":7}},"3":{"start":{"line":153,"column":0},"end":{"line":153,"column":7}},"4":{"start":{"line":168,"column":0},"end":{"line":168,"column":7}},"5":{"start":{"line":1,"column":0},"end":{"line":1,"column":19}},"6":{"start":{"line":2,"column":0},"end":{"line":2,"column":23}},"7":{"start":{"line":3,"column":0},"end":{"line":3,"column":32}},"8":{"start":{"line":5,"column":20},"end":{"line":5,"column":65}},"9":{"start":{"line":17,"column":2},"end":{"line":17,"column":null}},"10":{"start":{"line":22,"column":13},"end":{"line":22,"column":28}},"11":{"start":{"line":25,"column":16},"end":{"line":25,"column":32}},"12":{"start":{"line":26,"column":29},"end":{"line":26,"column":31}},"13":{"start":{"line":27,"column":15},"end":{"line":27,"column":20}},"14":{"start":{"line":28,"column":28},"end":{"line":28,"column":30}},"15":{"start":{"line":30,"column":20},"end":{"line":36,"column":3}},"16":{"start":{"line":31,"column":4},"end":{"line":34,"column":5}},"17":{"start":{"line":32,"column":6},"end":{"line":32,"column":null}},"18":{"start":{"line":33,"column":6},"end":{"line":33,"column":null}},"19":{"start":{"line":35,"column":4},"end":{"line":35,"column":null}},"20":{"start":{"line":38,"column":2},"end":{"line":78,"column":3}},"21":{"start":{"line":38,"column":15},"end":{"line":38,"column":16}},"22":{"start":{"line":39,"column":17},"end":{"line":39,"column":25}},"23":{"start":{"line":40,"column":20},"end":{"line":40,"column":31}},"24":{"start":{"line":43,"column":4},"end":{"line":43,"column":47}},"25":{"start":{"line":43,"column":39},"end":{"line":43,"column":47}},"26":{"start":{"line":46,"column":4},"end":{"line":77,"column":5}},"27":{"start":{"line":47,"column":6},"end":{"line":47,"column":null}},"28":{"start":{"line":48,"column":6},"end":{"line":48,"column":null}},"29":{"start":{"line":49,"column":11},"end":{"line":77,"column":5}},"30":{"start":{"line":50,"column":6},"end":{"line":50,"column":null}},"31":{"start":{"line":51,"column":6},"end":{"line":51,"column":null}},"32":{"start":{"line":52,"column":11},"end":{"line":77,"column":5}},"33":{"start":{"line":53,"column":6},"end":{"line":53,"column":null}},"34":{"start":{"line":54,"column":6},"end":{"line":54,"column":null}},"35":{"start":{"line":55,"column":11},"end":{"line":77,"column":5}},"36":{"start":{"line":56,"column":6},"end":{"line":56,"column":null}},"37":{"start":{"line":57,"column":6},"end":{"line":57,"column":null}},"38":{"start":{"line":60,"column":9},"end":{"line":77,"column":5}},"39":{"start":{"line":61,"column":6},"end":{"line":61,"column":null}},"40":{"start":{"line":62,"column":22},"end":{"line":62,"column":74}},"41":{"start":{"line":63,"column":6},"end":{"line":63,"column":null}},"42":{"start":{"line":66,"column":9},"end":{"line":77,"column":5}},"43":{"start":{"line":67,"column":6},"end":{"line":67,"column":null}},"44":{"start":{"line":68,"column":6},"end":{"line":68,"column":null}},"45":{"start":{"line":72,"column":6},"end":{"line":72,"column":null}},"46":{"start":{"line":73,"column":24},"end":{"line":73,"column":46}},"47":{"start":{"line":74,"column":6},"end":{"line":76,"column":7}},"48":{"start":{"line":75,"column":8},"end":{"line":75,"column":null}},"49":{"start":{"line":80,"column":2},"end":{"line":80,"column":null}},"50":{"start":{"line":81,"column":2},"end":{"line":81,"column":null}},"51":{"start":{"line":86,"column":2},"end":{"line":86,"column":null}},"52":{"start":{"line":88,"column":2},"end":{"line":88,"column":null}},"53":{"start":{"line":90,"column":2},"end":{"line":90,"column":null}},"54":{"start":{"line":91,"column":2},"end":{"line":91,"column":null}},"55":{"start":{"line":95,"column":2},"end":{"line":107,"column":3}},"56":{"start":{"line":96,"column":4},"end":{"line":98,"column":5}},"57":{"start":{"line":97,"column":6},"end":{"line":97,"column":null}},"58":{"start":{"line":99,"column":18},"end":{"line":103,"column":16}},"59":{"start":{"line":100,"column":19},"end":{"line":100,"column":36}},"60":{"start":{"line":101,"column":16},"end":{"line":101,"column":36}},"61":{"start":{"line":104,"column":4},"end":{"line":104,"column":null}},"62":{"start":{"line":106,"column":4},"end":{"line":106,"column":null}},"63":{"start":{"line":111,"column":2},"end":{"line":128,"column":3}},"64":{"start":{"line":112,"column":21},"end":{"line":112,"column":57}},"65":{"start":{"line":113,"column":4},"end":{"line":113,"column":null}},"66":{"start":{"line":113,"column":34},"end":{"line":113,"column":null}},"67":{"start":{"line":115,"column":20},"end":{"line":115,"column":54}},"68":{"start":{"line":116,"column":21},"end":{"line":116,"column":36}},"69":{"start":{"line":119,"column":27},"end":{"line":120,"column":null}},"70":{"start":{"line":123,"column":4},"end":{"line":125,"column":null}},"71":{"start":{"line":127,"column":4},"end":{"line":127,"column":null}},"72":{"start":{"line":132,"column":2},"end":{"line":150,"column":3}},"73":{"start":{"line":133,"column":21},"end":{"line":133,"column":57}},"74":{"start":{"line":134,"column":4},"end":{"line":134,"column":null}},"75":{"start":{"line":134,"column":34},"end":{"line":134,"column":null}},"76":{"start":{"line":136,"column":20},"end":{"line":136,"column":54}},"77":{"start":{"line":137,"column":36},"end":{"line":137,"column":51}},"78":{"start":{"line":139,"column":17},"end":{"line":139,"column":43}},"79":{"start":{"line":141,"column":4},"end":{"line":147,"column":null}},"80":{"start":{"line":149,"column":4},"end":{"line":149,"column":null}},"81":{"start":{"line":154,"column":16},"end":{"line":154,"column":41}},"82":{"start":{"line":155,"column":2},"end":{"line":155,"column":null}},"83":{"start":{"line":155,"column":26},"end":{"line":155,"column":null}},"84":{"start":{"line":156,"column":2},"end":{"line":156,"column":null}},"85":{"start":{"line":169,"column":16},"end":{"line":169,"column":41}},"86":{"start":{"line":170,"column":2},"end":{"line":170,"column":null}},"87":{"start":{"line":170,"column":26},"end":{"line":170,"column":null}},"88":{"start":{"line":172,"column":17},"end":{"line":172,"column":42}},"89":{"start":{"line":173,"column":2},"end":{"line":173,"column":null}},"90":{"start":{"line":173,"column":15},"end":{"line":173,"column":null}},"91":{"start":{"line":176,"column":57},"end":{"line":176,"column":59}},"92":{"start":{"line":177,"column":16},"end":{"line":177,"column":42}},"93":{"start":{"line":178,"column":23},"end":{"line":178,"column":25}},"94":{"start":{"line":179,"column":33},"end":{"line":179,"column":35}},"95":{"start":{"line":181,"column":2},"end":{"line":201,"column":3}},"96":{"start":{"line":182,"column":20},"end":{"line":182,"column":42}},"97":{"start":{"line":184,"column":4},"end":{"line":200,"column":5}},"98":{"start":{"line":186,"column":6},"end":{"line":191,"column":7}},"99":{"start":{"line":187,"column":24},"end":{"line":187,"column":64}},"100":{"start":{"line":188,"column":8},"end":{"line":190,"column":9}},"101":{"start":{"line":189,"column":10},"end":{"line":189,"column":null}},"102":{"start":{"line":192,"column":6},"end":{"line":192,"column":null}},"103":{"start":{"line":193,"column":6},"end":{"line":193,"column":null}},"104":{"start":{"line":194,"column":11},"end":{"line":200,"column":5}},"105":{"start":{"line":196,"column":22},"end":{"line":196,"column":33}},"106":{"start":{"line":197,"column":6},"end":{"line":199,"column":7}},"107":{"start":{"line":198,"column":8},"end":{"line":198,"column":null}},"108":{"start":{"line":204,"column":23},"end":{"line":209,"column":15}},"109":{"start":{"line":205,"column":4},"end":{"line":208,"column":34}},"110":{"start":{"line":211,"column":2},"end":{"line":215,"column":null}},"111":{"start":{"line":220,"column":16},"end":{"line":224,"column":27}},"112":{"start":{"line":227,"column":18},"end":{"line":227,"column":46}},"113":{"start":{"line":228,"column":2},"end":{"line":228,"column":null}}},"fnMap":{"0":{"name":"stripEmojis","decl":{"start":{"line":16,"column":9},"end":{"line":16,"column":20}},"loc":{"start":{"line":16,"column":33},"end":{"line":18,"column":1}}},"1":{"name":"simpleMarkdownToHtml","decl":{"start":{"line":20,"column":9},"end":{"line":20,"column":29}},"loc":{"start":{"line":20,"column":40},"end":{"line":82,"column":1}}},"2":{"name":"(anonymous_3)","decl":{"start":{"line":30,"column":20},"end":{"line":30,"column":23}},"loc":{"start":{"line":30,"column":25},"end":{"line":36,"column":3}}},"3":{"name":"processedLine","decl":{"start":{"line":84,"column":9},"end":{"line":84,"column":22}},"loc":{"start":{"line":84,"column":35},"end":{"line":92,"column":1}}},"4":{"name":"getAllReportDates","decl":{"start":{"line":94,"column":22},"end":{"line":94,"column":39}},"loc":{"start":{"line":94,"column":39},"end":{"line":108,"column":1}}},"5":{"name":"(anonymous_6)","decl":{"start":{"line":100,"column":14},"end":{"line":100,"column":15}},"loc":{"start":{"line":100,"column":19},"end":{"line":100,"column":36}}},"6":{"name":"(anonymous_7)","decl":{"start":{"line":101,"column":11},"end":{"line":101,"column":12}},"loc":{"start":{"line":101,"column":16},"end":{"line":101,"column":36}}},"7":{"name":"getReportMetadata","decl":{"start":{"line":110,"column":16},"end":{"line":110,"column":33}},"loc":{"start":{"line":110,"column":46},"end":{"line":129,"column":1}}},"8":{"name":"getReport","decl":{"start":{"line":131,"column":22},"end":{"line":131,"column":31}},"loc":{"start":{"line":131,"column":44},"end":{"line":151,"column":1}}},"9":{"name":"getLatestReport","decl":{"start":{"line":153,"column":22},"end":{"line":153,"column":37}},"loc":{"start":{"line":153,"column":37},"end":{"line":157,"column":1}}},"10":{"name":"getLatestReportSummary","decl":{"start":{"line":168,"column":22},"end":{"line":168,"column":44}},"loc":{"start":{"line":168,"column":44},"end":{"line":216,"column":1}}},"11":{"name":"(anonymous_12)","decl":{"start":{"line":204,"column":39},"end":{"line":204,"column":40}},"loc":{"start":{"line":205,"column":4},"end":{"line":208,"column":34}}},"12":{"name":"extractSummary","decl":{"start":{"line":218,"column":9},"end":{"line":218,"column":23}},"loc":{"start":{"line":218,"column":36},"end":{"line":229,"column":1}}}},"branchMap":{"0":{"loc":{"start":{"line":31,"column":4},"end":{"line":34,"column":5}},"type":"if","locations":[{"start":{"line":31,"column":4},"end":{"line":34,"column":5}},{"start":{},"end":{}}]},"1":{"loc":{"start":{"line":43,"column":4},"end":{"line":43,"column":47}},"type":"if","locations":[{"start":{"line":43,"column":4},"end":{"line":43,"column":47}},{"start":{},"end":{}}]},"2":{"loc":{"start":{"line":43,"column":8},"end":{"line":43,"column":37}},"type":"binary-expr","locations":[{"start":{"line":43,"column":8},"end":{"line":43,"column":16}},{"start":{"line":43,"column":20},"end":{"line":43,"column":37}}]},"3":{"loc":{"start":{"line":46,"column":4},"end":{"line":77,"column":5}},"type":"if","locations":[{"start":{"line":46,"column":4},"end":{"line":77,"column":5}},{"start":{"line":49,"column":11},"end":{"line":77,"column":5}}]},"4":{"loc":{"start":{"line":49,"column":11},"end":{"line":77,"column":5}},"type":"if","locations":[{"start":{"line":49,"column":11},"end":{"line":77,"column":5}},{"start":{"line":52,"column":11},"end":{"line":77,"column":5}}]},"5":{"loc":{"start":{"line":52,"column":11},"end":{"line":77,"column":5}},"type":"if","locations":[{"start":{"line":52,"column":11},"end":{"line":77,"column":5}},{"start":{"line":55,"column":11},"end":{"line":77,"column":5}}]},"6":{"loc":{"start":{"line":55,"column":11},"end":{"line":77,"column":5}},"type":"if","locations":[{"start":{"line":55,"column":11},"end":{"line":77,"column":5}},{"start":{"line":60,"column":9},"end":{"line":77,"column":5}}]},"7":{"loc":{"start":{"line":60,"column":9},"end":{"line":77,"column":5}},"type":"if","locations":[{"start":{"line":60,"column":9},"end":{"line":77,"column":5}},{"start":{"line":66,"column":9},"end":{"line":77,"column":5}}]},"8":{"loc":{"start":{"line":60,"column":13},"end":{"line":60,"column":68}},"type":"binary-expr","locations":[{"start":{"line":60,"column":13},"end":{"line":60,"column":37}},{"start":{"line":60,"column":41},"end":{"line":60,"column":68}}]},"9":{"loc":{"start":{"line":66,"column":9},"end":{"line":77,"column":5}},"type":"if","locations":[{"start":{"line":66,"column":9},"end":{"line":77,"column":5}},{"start":{"line":71,"column":9},"end":{"line":77,"column":5}}]},"10":{"loc":{"start":{"line":66,"column":13},"end":{"line":66,"column":72}},"type":"binary-expr","locations":[{"start":{"line":66,"column":13},"end":{"line":66,"column":30}},{"start":{"line":66,"column":34},"end":{"line":66,"column":51}},{"start":{"line":66,"column":55},"end":{"line":66,"column":72}}]},"11":{"loc":{"start":{"line":74,"column":6},"end":{"line":76,"column":7}},"type":"if","locations":[{"start":{"line":74,"column":6},"end":{"line":76,"column":7}},{"start":{},"end":{}}]},"12":{"loc":{"start":{"line":96,"column":4},"end":{"line":98,"column":5}},"type":"if","locations":[{"start":{"line":96,"column":4},"end":{"line":98,"column":5}},{"start":{},"end":{}}]},"13":{"loc":{"start":{"line":113,"column":4},"end":{"line":113,"column":null}},"type":"if","locations":[{"start":{"line":113,"column":4},"end":{"line":113,"column":null}},{"start":{},"end":{}}]},"14":{"loc":{"start":{"line":120,"column":6},"end":{"line":120,"column":66}},"type":"binary-expr","locations":[{"start":{"line":120,"column":6},"end":{"line":120,"column":60}},{"start":{"line":120,"column":64},"end":{"line":120,"column":66}}]},"15":{"loc":{"start":{"line":120,"column":6},"end":{"line":120,"column":60}},"type":"cond-expr","locations":[{"start":{"line":120,"column":30},"end":{"line":120,"column":32}},{"start":{"line":120,"column":30},"end":{"line":120,"column":60}}]},"16":{"loc":{"start":{"line":120,"column":6},"end":{"line":120,"column":32}},"type":"binary-expr","locations":[{"start":{"line":120,"column":6},"end":{"line":120,"column":32}},{"start":{"line":120,"column":30},"end":{"line":120,"column":32}}]},"17":{"loc":{"start":{"line":124,"column":47},"end":{"line":124,"column":87}},"type":"cond-expr","locations":[{"start":{"line":124,"column":77},"end":{"line":124,"column":82}},{"start":{"line":124,"column":85},"end":{"line":124,"column":87}}]},"18":{"loc":{"start":{"line":134,"column":4},"end":{"line":134,"column":null}},"type":"if","locations":[{"start":{"line":134,"column":4},"end":{"line":134,"column":null}},{"start":{},"end":{}}]},"19":{"loc":{"start":{"line":142,"column":13},"end":{"line":142,"column":66}},"type":"binary-expr","locations":[{"start":{"line":142,"column":13},"end":{"line":142,"column":23}},{"start":{"line":142,"column":27},"end":{"line":142,"column":66}}]},"20":{"loc":{"start":{"line":155,"column":2},"end":{"line":155,"column":null}},"type":"if","locations":[{"start":{"line":155,"column":2},"end":{"line":155,"column":null}},{"start":{},"end":{}}]},"21":{"loc":{"start":{"line":170,"column":2},"end":{"line":170,"column":null}},"type":"if","locations":[{"start":{"line":170,"column":2},"end":{"line":170,"column":null}},{"start":{},"end":{}}]},"22":{"loc":{"start":{"line":173,"column":2},"end":{"line":173,"column":null}},"type":"if","locations":[{"start":{"line":173,"column":2},"end":{"line":173,"column":null}},{"start":{},"end":{}}]},"23":{"loc":{"start":{"line":184,"column":4},"end":{"line":200,"column":5}},"type":"if","locations":[{"start":{"line":184,"column":4},"end":{"line":200,"column":5}},{"start":{"line":194,"column":11},"end":{"line":200,"column":5}}]},"24":{"loc":{"start":{"line":186,"column":6},"end":{"line":191,"column":7}},"type":"if","locations":[{"start":{"line":186,"column":6},"end":{"line":191,"column":7}},{"start":{},"end":{}}]},"25":{"loc":{"start":{"line":186,"column":10},"end":{"line":186,"column":53}},"type":"binary-expr","locations":[{"start":{"line":186,"column":10},"end":{"line":186,"column":24}},{"start":{"line":186,"column":28},"end":{"line":186,"column":53}}]},"26":{"loc":{"start":{"line":188,"column":8},"end":{"line":190,"column":9}},"type":"if","locations":[{"start":{"line":188,"column":8},"end":{"line":190,"column":9}},{"start":{},"end":{}}]},"27":{"loc":{"start":{"line":194,"column":11},"end":{"line":200,"column":5}},"type":"if","locations":[{"start":{"line":194,"column":11},"end":{"line":200,"column":5}},{"start":{},"end":{}}]},"28":{"loc":{"start":{"line":194,"column":15},"end":{"line":194,"column":78}},"type":"binary-expr","locations":[{"start":{"line":194,"column":15},"end":{"line":194,"column":26}},{"start":{"line":194,"column":30},"end":{"line":194,"column":51}},{"start":{"line":194,"column":55},"end":{"line":194,"column":78}}]},"29":{"loc":{"start":{"line":197,"column":6},"end":{"line":199,"column":7}},"type":"if","locations":[{"start":{"line":197,"column":6},"end":{"line":199,"column":7}},{"start":{},"end":{}}]},"30":{"loc":{"start":{"line":197,"column":10},"end":{"line":197,"column":62}},"type":"binary-expr","locations":[{"start":{"line":197,"column":10},"end":{"line":197,"column":34}},{"start":{"line":197,"column":38},"end":{"line":197,"column":62}}]},"31":{"loc":{"start":{"line":205,"column":4},"end":{"line":208,"column":34}},"type":"binary-expr","locations":[{"start":{"line":205,"column":4},"end":{"line":205,"column":11}},{"start":{"line":205,"column":15},"end":{"line":205,"column":46}},{"start":{"line":206,"column":4},"end":{"line":206,"column":37}},{"start":{"line":207,"column":4},"end":{"line":207,"column":33}},{"start":{"line":208,"column":4},"end":{"line":208,"column":34}}]},"32":{"loc":{"start":{"line":228,"column":9},"end":{"line":228,"column":75}},"type":"cond-expr","locations":[{"start":{"line":228,"column":50},"end":{"line":228,"column":65}},{"start":{"line":228,"column":68},"end":{"line":228,"column":75}}]}},"s":{"0":1,"1":1,"2":1,"3":1,"4":1,"5":1,"6":1,"7":1,"8":1,"9":9,"10":4,"11":4,"12":4,"13":4,"14":4,"15":4,"16":324,"17":76,"18":76,"19":324,"20":4,"21":4,"22":972,"23":972,"24":972,"25":276,"26":696,"27":0,"28":0,"29":696,"30":68,"31":68,"32":628,"33":40,"34":40,"35":588,"36":4,"37":4,"38":584,"39":376,"40":376,"41":376,"42":208,"43":0,"44":0,"45":208,"46":208,"47":208,"48":208,"49":4,"50":4,"51":208,"52":208,"53":208,"54":208,"55":1,"56":1,"57":0,"58":1,"59":2,"60":2,"61":1,"62":0,"63":2,"64":2,"65":2,"66":1,"67":1,"68":1,"69":1,"70":1,"71":0,"72":5,"73":5,"74":5,"75":1,"76":4,"77":4,"78":4,"79":4,"80":0,"81":0,"82":0,"83":0,"84":0,"85":0,"86":0,"87":0,"88":0,"89":0,"90":0,"91":0,"92":0,"93":0,"94":0,"95":0,"96":0,"97":0,"98":0,"99":0,"100":0,"101":0,"102":0,"103":0,"104":0,"105":0,"106":0,"107":0,"108":0,"109":0,"110":0,"111":0,"112":0,"113":0},"f":{"0":9,"1":4,"2":324,"3":208,"4":1,"5":2,"6":2,"7":2,"8":5,"9":0,"10":0,"11":0,"12":0},"b":{"0":[76,248],"1":[276,696],"2":[972,740],"3":[0,696],"4":[68,628],"5":[40,588],"6":[4,584],"7":[376,208],"8":[584,232],"9":[0,208],"10":[208,208,208],"11":[208,0],"12":[0,1],"13":[1,1],"14":[1,0],"15":[0,1],"16":[1,1],"17":[0,1],"18":[1,4],"19":[4,0],"20":[0,0],"21":[0,0],"22":[0,0],"23":[0,0],"24":[0,0],"25":[0,0],"26":[0,0],"27":[0,0],"28":[0,0,0],"29":[0,0],"30":[0,0],"31":[0,0,0,0,0],"32":[0,0]}}
}
