TN:
SF:src/proxy.ts
FN:10,getLocale
FN:12,(anonymous_2)
FN:17,(anonymous_3)
FN:26,proxy
FN:45,(anonymous_5)
FNF:5
FNH:0
FNDA:0,getLocale
FNDA:0,(anonymous_2)
FNDA:0,(anonymous_3)
FNDA:0,proxy
FNDA:0,(anonymous_5)
DA:1,0
DA:2,0
DA:3,0
DA:6,0
DA:7,0
DA:11,0
DA:12,0
DA:14,0
DA:17,0
DA:19,0
DA:20,0
DA:23,0
DA:26,0
DA:27,0
DA:28,0
DA:31,0
DA:39,0
DA:40,0
DA:44,0
DA:45,0
DA:47,0
DA:49,0
DA:50,0
DA:51,0
DA:55,0
DA:56,0
DA:59,0
DA:60,0
DA:61,0
DA:65,0
DA:66,0
DA:69,0
LF:32
LH:0
BRDA:17,0,0,0
BRDA:17,0,1,0
BRDA:17,0,2,0
BRDA:19,1,0,0
BRDA:19,1,1,0
BRDA:31,2,0,0
BRDA:31,2,1,0
BRDA:32,3,0,0
BRDA:32,3,1,0
BRDA:32,3,2,0
BRDA:32,3,3,0
BRDA:32,3,4,0
BRDA:32,3,5,0
BRDA:45,4,0,0
BRDA:45,4,1,0
BRDA:49,5,0,0
BRDA:49,5,1,0
BRDA:59,6,0,0
BRDA:59,6,1,0
BRF:19
BRH:0
end_of_record
TN:
SF:src/app/layout.tsx
FN:8,RootLayout
FNF:1
FNH:0
FNDA:0,RootLayout
DA:3,0
DA:8,0
DA:13,0
LF:3
LH:0
BRF:0
BRH:0
end_of_record
TN:
SF:src/app/robots.ts
FN:3,robots
FNF:1
FNH:0
FNDA:0,robots
DA:3,0
DA:4,0
LF:2
LH:0
BRF:0
BRH:0
end_of_record
TN:
SF:src/app/sitemap.ts
FN:4,sitemap
FN:11,(anonymous_1)
FNF:2
FNH:0
FNDA:0,sitemap
FNDA:0,(anonymous_1)
DA:2,0
DA:4,0
DA:5,0
DA:6,0
DA:8,0
DA:10,0
DA:11,0
DA:18,0
DA:41,0
LF:9
LH:0
BRF:0
BRH:0
end_of_record
TN:
SF:src/app/[lang]/layout.tsx
FN:15,generateStaticParams
FN:16,(anonymous_2)
FN:19,generateMetadata
FN:67,LangLayout
FNF:4
FNH:0
FNDA:0,generateStaticParams
FNDA:0,(anonymous_2)
FNDA:0,generateMetadata
FNDA:0,LangLayout
DA:2,0
DA:3,0
DA:4,0
DA:5,0
DA:6,0
DA:13,0
DA:15,0
DA:16,0
DA:19,0
DA:20,0
DA:21,0
DA:23,0
DA:67,0
DA:68,0
DA:71,0
DA:72,0
DA:75,0
DA:77,0
LF:18
LH:0
BRDA:34,0,0,0
BRDA:34,0,1,0
BRDA:35,1,0,0
BRDA:35,1,1,0
BRDA:71,2,0,0
BRDA:71,2,1,0
BRF:6
BRH:0
end_of_record
TN:
SF:src/app/[lang]/page.tsx
FN:11,generateMetadata
FN:20,HomePage
FN:110,(anonymous_3)
FN:209,CategoryCard
FNF:4
FNH:0
FNDA:0,generateMetadata
FNDA:0,HomePage
FNDA:0,(anonymous_3)
FNDA:0,CategoryCard
DA:1,0
DA:3,0
DA:4,0
DA:5,0
DA:11,0
DA:12,0
DA:13,0
DA:14,0
DA:20,0
DA:21,0
DA:22,0
DA:23,0
DA:24,0
DA:25,0
DA:27,0
DA:28,0
DA:30,0
DA:111,0
DA:214,0
DA:237,0
LF:20
LH:0
BRDA:25,0,0,0
BRDA:25,0,1,0
BRDA:76,1,0,0
BRDA:76,1,1,0
BRDA:82,2,0,0
BRDA:82,2,1,0
BRF:6
BRH:0
end_of_record
TN:
SF:src/app/[lang]/robots.ts
FN:3,robots
FNF:1
FNH:0
FNDA:0,robots
DA:3,0
DA:4,0
LF:2
LH:0
BRF:0
BRH:0
end_of_record
TN:
SF:src/app/[lang]/sitemap.ts
FN:4,sitemap
FN:11,(anonymous_1)
FNF:2
FNH:0
FNDA:0,sitemap
FNDA:0,(anonymous_1)
DA:2,0
DA:4,0
DA:5,0
DA:6,0
DA:8,0
DA:10,0
DA:11,0
DA:18,0
DA:41,0
LF:9
LH:0
BRF:0
BRH:0
end_of_record
TN:
SF:src/app/[lang]/about/page.tsx
FN:8,generateMetadata
FN:17,AboutPage
FN:41,(anonymous_2)
FN:84,(anonymous_3)
FN:118,(anonymous_4)
FNF:5
FNH:0
FNDA:0,generateMetadata
FNDA:0,AboutPage
FNDA:0,(anonymous_2)
FNDA:0,(anonymous_3)
FNDA:0,(anonymous_4)
DA:2,0
DA:8,0
DA:9,0
DA:10,0
DA:11,0
DA:17,0
DA:18,0
DA:19,0
DA:20,0
DA:22,0
DA:24,0
DA:42,0
DA:85,0
DA:119,0
LF:14
LH:0
BRF:0
BRH:0
end_of_record
TN:
SF:src/app/[lang]/api/reports/route.ts
FN:5,GET
FN:38,(anonymous_1)
FN:68,parseSections
FNF:3
FNH:0
FNDA:0,GET
FNDA:0,(anonymous_1)
FNDA:0,parseSections
DA:1,0
DA:2,0
DA:3,0
DA:5,0
DA:9,0
DA:10,0
DA:11,0
DA:12,0
DA:15,0
DA:17,0
DA:18,0
DA:19,0
DA:20,0
DA:37,0
DA:39,0
DA:40,0
DA:41,0
DA:50,0
DA:52,0
DA:69,0
DA:70,0
DA:71,0
DA:72,0
DA:73,0
DA:75,0
DA:76,0
DA:77,0
DA:79,0
DA:80,0
DA:81,0
DA:82,0
DA:87,0
DA:88,0
DA:89,0
DA:90,0
DA:91,0
DA:92,0
DA:97,0
DA:98,0
DA:99,0
DA:100,0
DA:104,0
DA:105,0
DA:106,0
DA:112,0
LF:45
LH:0
BRDA:15,0,0,0
BRDA:15,0,1,0
BRDA:17,1,0,0
BRDA:17,1,1,0
BRDA:17,2,0,0
BRDA:17,2,1,0
BRDA:19,3,0,0
BRDA:19,3,1,0
BRDA:40,4,0,0
BRDA:40,4,1,0
BRDA:79,5,0,0
BRDA:79,5,1,0
BRDA:80,6,0,0
BRDA:80,6,1,0
BRDA:80,7,0,0
BRDA:80,7,1,0
BRDA:81,8,0,0
BRDA:81,8,1,0
BRDA:83,9,0,0
BRDA:83,9,1,0
BRDA:90,10,0,0
BRDA:90,10,1,0
BRDA:91,11,0,0
BRDA:91,11,1,0
BRDA:91,12,0,0
BRDA:91,12,1,0
BRDA:91,12,2,0
BRDA:99,13,0,0
BRDA:99,13,1,0
BRDA:99,14,0,0
BRDA:99,14,1,0
BRDA:99,14,2,0
BRDA:104,15,0,0
BRDA:104,15,1,0
BRDA:104,16,0,0
BRDA:104,16,1,0
BRDA:105,17,0,0
BRDA:105,17,1,0
BRDA:107,18,0,0
BRDA:107,18,1,0
BRF:40
BRH:0
end_of_record
TN:
SF:src/app/[lang]/api/reports/[date]/route.ts
FN:9,GET
FN:44,parseSections
FN:92,HEAD
FNF:3
FNH:0
FNDA:0,GET
FNDA:0,parseSections
FNDA:0,HEAD
DA:1,0
DA:2,0
DA:3,0
DA:9,0
DA:10,0
DA:13,0
DA:14,0
DA:20,0
DA:21,0
DA:23,0
DA:24,0
DA:31,0
DA:45,0
DA:46,0
DA:47,0
DA:48,0
DA:49,0
DA:51,0
DA:52,0
DA:53,0
DA:55,0
DA:56,0
DA:57,0
DA:58,0
DA:63,0
DA:64,0
DA:65,0
DA:66,0
DA:67,0
DA:68,0
DA:73,0
DA:74,0
DA:75,0
DA:76,0
DA:81,0
DA:82,0
DA:83,0
DA:89,0
DA:92,0
DA:93,0
DA:94,0
DA:96,0
DA:97,0
DA:100,0
LF:44
LH:0
BRDA:13,0,0,0
BRDA:13,0,1,0
BRDA:23,1,0,0
BRDA:23,1,1,0
BRDA:55,2,0,0
BRDA:55,2,1,0
BRDA:56,3,0,0
BRDA:56,3,1,0
BRDA:56,4,0,0
BRDA:56,4,1,0
BRDA:57,5,0,0
BRDA:57,5,1,0
BRDA:59,6,0,0
BRDA:59,6,1,0
BRDA:66,7,0,0
BRDA:66,7,1,0
BRDA:67,8,0,0
BRDA:67,8,1,0
BRDA:67,9,0,0
BRDA:67,9,1,0
BRDA:67,9,2,0
BRDA:75,10,0,0
BRDA:75,10,1,0
BRDA:75,11,0,0
BRDA:75,11,1,0
BRDA:75,11,2,0
BRDA:81,12,0,0
BRDA:81,12,1,0
BRDA:81,13,0,0
BRDA:81,13,1,0
BRDA:82,14,0,0
BRDA:82,14,1,0
BRDA:84,15,0,0
BRDA:84,15,1,0
BRDA:96,16,0,0
BRDA:96,16,1,0
BRF:36
BRH:0
end_of_record
TN:
SF:src/app/[lang]/report/[date]/page.tsx
FN:11,generateStaticParams
FN:25,generateMetadata
FN:42,ReportPage
FN:51,(anonymous_4)
FNF:4
FNH:0
FNDA:0,generateStaticParams
FNDA:0,generateMetadata
FNDA:0,ReportPage
FNDA:0,(anonymous_4)
DA:1,0
DA:2,0
DA:4,0
DA:5,0
DA:11,0
DA:12,0
DA:13,0
DA:14,0
DA:16,0
DA:17,0
DA:18,0
DA:22,0
DA:25,0
DA:26,0
DA:27,0
DA:28,0
DA:29,0
DA:31,0
DA:42,0
DA:43,0
DA:44,0
DA:45,0
DA:47,0
DA:48,0
DA:51,0
DA:52,0
DA:60,0
DA:62,0
LF:28
LH:0
BRDA:29,0,0,0
BRDA:29,0,1,0
BRDA:47,1,0,0
BRDA:47,1,1,0
BRDA:52,2,0,0
BRDA:52,2,1,0
BRF:6
BRH:0
end_of_record
TN:
SF:src/app/[lang]/reports/page.tsx
FN:10,generateMetadata
FN:19,ReportsPage
FN:25,(anonymous_3)
FN:51,(anonymous_4)
FNF:4
FNH:0
FNDA:0,generateMetadata
FNDA:0,ReportsPage
FNDA:0,(anonymous_3)
FNDA:0,(anonymous_4)
DA:1,0
DA:3,0
DA:4,0
DA:10,0
DA:11,0
DA:12,0
DA:13,0
DA:19,0
DA:20,0
DA:21,0
DA:22,0
DA:23,0
DA:25,0
DA:26,0
DA:34,0
DA:52,0
DA:54,0
LF:17
LH:0
BRDA:26,0,0,0
BRDA:26,0,1,0
BRDA:41,1,0,0
BRDA:41,1,1,0
BRDA:63,2,0,0
BRDA:63,2,1,0
BRDA:63,3,0,0
BRDA:63,3,1,0
BRDA:63,4,0,0
BRDA:63,4,1,0
BRF:10
BRH:0
end_of_record
TN:
SF:src/app/[lang]/resources/page.tsx
FN:8,generateMetadata
FN:17,ResourcesPage
FN:272,ResourceItem
FNF:3
FNH:0
FNDA:0,generateMetadata
FNDA:0,ResourcesPage
FNDA:0,ResourceItem
DA:2,0
DA:8,0
DA:9,0
DA:10,0
DA:11,0
DA:17,0
DA:18,0
DA:19,0
DA:20,0
DA:22,0
DA:286,0
DA:310,0
DA:311,0
DA:318,0
DA:330,0
LF:15
LH:0
BRDA:12,0,0,0
BRDA:12,0,1,0
BRDA:12,1,0,0
BRDA:12,1,1,0
BRDA:12,2,0,0
BRDA:12,2,1,0
BRDA:20,3,0,0
BRDA:20,3,1,0
BRDA:34,4,0,0
BRDA:34,4,1,0
BRDA:34,5,0,0
BRDA:34,5,1,0
BRDA:34,6,0,0
BRDA:34,6,1,0
BRDA:40,7,0,0
BRDA:40,7,1,0
BRDA:40,8,0,0
BRDA:40,8,1,0
BRDA:40,9,0,0
BRDA:40,9,1,0
BRDA:46,10,0,0
BRDA:46,10,1,0
BRDA:46,11,0,0
BRDA:46,11,1,0
BRDA:46,12,0,0
BRDA:46,12,1,0
BRDA:52,13,0,0
BRDA:52,13,1,0
BRDA:52,14,0,0
BRDA:52,14,1,0
BRDA:52,15,0,0
BRDA:52,15,1,0
BRDA:64,16,0,0
BRDA:64,16,1,0
BRDA:64,17,0,0
BRDA:64,17,1,0
BRDA:64,18,0,0
BRDA:64,18,1,0
BRDA:70,19,0,0
BRDA:70,19,1,0
BRDA:70,20,0,0
BRDA:70,20,1,0
BRDA:70,21,0,0
BRDA:70,21,1,0
BRDA:77,22,0,0
BRDA:77,22,1,0
BRDA:77,23,0,0
BRDA:77,23,1,0
BRDA:77,24,0,0
BRDA:77,24,1,0
BRDA:84,25,0,0
BRDA:84,25,1,0
BRDA:84,26,0,0
BRDA:84,26,1,0
BRDA:84,27,0,0
BRDA:84,27,1,0
BRDA:97,28,0,0
BRDA:97,28,1,0
BRDA:97,29,0,0
BRDA:97,29,1,0
BRDA:97,30,0,0
BRDA:97,30,1,0
BRDA:103,31,0,0
BRDA:103,31,1,0
BRDA:103,32,0,0
BRDA:103,32,1,0
BRDA:103,33,0,0
BRDA:103,33,1,0
BRDA:110,34,0,0
BRDA:110,34,1,0
BRDA:110,35,0,0
BRDA:110,35,1,0
BRDA:110,36,0,0
BRDA:110,36,1,0
BRDA:117,37,0,0
BRDA:117,37,1,0
BRDA:117,38,0,0
BRDA:117,38,1,0
BRDA:117,39,0,0
BRDA:117,39,1,0
BRDA:124,40,0,0
BRDA:124,40,1,0
BRDA:124,41,0,0
BRDA:124,41,1,0
BRDA:124,42,0,0
BRDA:124,42,1,0
BRDA:137,43,0,0
BRDA:137,43,1,0
BRDA:137,44,0,0
BRDA:137,44,1,0
BRDA:137,45,0,0
BRDA:137,45,1,0
BRDA:143,46,0,0
BRDA:143,46,1,0
BRDA:143,47,0,0
BRDA:143,47,1,0
BRDA:143,48,0,0
BRDA:143,48,1,0
BRDA:150,49,0,0
BRDA:150,49,1,0
BRDA:150,50,0,0
BRDA:150,50,1,0
BRDA:150,51,0,0
BRDA:150,51,1,0
BRDA:157,52,0,0
BRDA:157,52,1,0
BRDA:157,53,0,0
BRDA:157,53,1,0
BRDA:157,54,0,0
BRDA:157,54,1,0
BRDA:164,55,0,0
BRDA:164,55,1,0
BRDA:164,56,0,0
BRDA:164,56,1,0
BRDA:164,57,0,0
BRDA:164,57,1,0
BRDA:177,58,0,0
BRDA:177,58,1,0
BRDA:177,59,0,0
BRDA:177,59,1,0
BRDA:177,60,0,0
BRDA:177,60,1,0
BRDA:183,61,0,0
BRDA:183,61,1,0
BRDA:183,62,0,0
BRDA:183,62,1,0
BRDA:183,63,0,0
BRDA:183,63,1,0
BRDA:190,64,0,0
BRDA:190,64,1,0
BRDA:190,65,0,0
BRDA:190,65,1,0
BRDA:190,66,0,0
BRDA:190,66,1,0
BRDA:197,67,0,0
BRDA:197,67,1,0
BRDA:197,68,0,0
BRDA:197,68,1,0
BRDA:197,69,0,0
BRDA:197,69,1,0
BRDA:204,70,0,0
BRDA:204,70,1,0
BRDA:204,71,0,0
BRDA:204,71,1,0
BRDA:204,72,0,0
BRDA:204,72,1,0
BRDA:217,73,0,0
BRDA:217,73,1,0
BRDA:217,74,0,0
BRDA:217,74,1,0
BRDA:217,75,0,0
BRDA:217,75,1,0
BRDA:223,76,0,0
BRDA:223,76,1,0
BRDA:223,77,0,0
BRDA:223,77,1,0
BRDA:223,78,0,0
BRDA:223,78,1,0
BRDA:230,79,0,0
BRDA:230,79,1,0
BRDA:230,80,0,0
BRDA:230,80,1,0
BRDA:230,81,0,0
BRDA:230,81,1,0
BRDA:236,82,0,0
BRDA:236,82,1,0
BRDA:236,83,0,0
BRDA:236,83,1,0
BRDA:236,84,0,0
BRDA:236,84,1,0
BRDA:277,85,0,0
BRDA:289,86,0,0
BRDA:289,86,1,0
BRDA:294,87,0,0
BRDA:294,87,1,0
BRDA:296,88,0,0
BRDA:296,88,1,0
BRDA:310,89,0,0
BRDA:310,89,1,0
BRDA:321,90,0,0
BRDA:321,90,1,0
BRDA:322,91,0,0
BRDA:322,91,1,0
BRF:183
BRH:0
end_of_record
TN:
SF:src/components/Footer.tsx
FN:8,Footer
FNF:1
FNH:0
FNDA:0,Footer
DA:1,0
DA:8,0
DA:9,0
LF:3
LH:0
BRF:0
BRH:0
end_of_record
TN:
SF:src/components/Header.tsx
FN:18,Header
FN:23,(anonymous_2)
FN:30,(anonymous_3)
FN:67,(anonymous_4)
FN:81,(anonymous_5)
FN:116,(anonymous_6)
FNF:6
FNH:0
FNDA:0,Header
FNDA:0,(anonymous_2)
FNDA:0,(anonymous_3)
FNDA:0,(anonymous_4)
FNDA:0,(anonymous_5)
FNDA:0,(anonymous_6)
DA:3,0
DA:4,0
DA:6,0
DA:13,0
DA:18,0
DA:19,0
DA:20,0
DA:23,0
DA:24,0
DA:25,0
DA:26,0
DA:30,0
DA:31,0
DA:34,0
DA:68,0
DA:81,0
DA:117,0
LF:17
LH:0
BRDA:26,0,0,0
BRDA:26,0,1,0
BRDA:53,1,0,0
BRDA:53,1,1,0
BRDA:56,2,0,0
BRDA:56,2,1,0
BRDA:59,3,0,0
BRDA:59,3,1,0
BRDA:86,4,0,0
BRDA:86,4,1,0
BRDA:99,5,0,0
BRDA:99,5,1,0
BRDA:102,6,0,0
BRDA:102,6,1,0
BRDA:105,7,0,0
BRDA:105,7,1,0
BRDA:108,8,0,0
BRDA:108,8,1,0
BRF:18
BRH:0
end_of_record
TN:
SF:src/components/ScrollReveal.tsx
FN:11,ScrollReveal
FN:14,(anonymous_1)
FN:29,(anonymous_2)
FN:30,(anonymous_3)
FN:32,(anonymous_4)
FN:44,(anonymous_5)
FNF:6
FNH:0
FNDA:0,ScrollReveal
FNDA:0,(anonymous_1)
FNDA:0,(anonymous_2)
FNDA:0,(anonymous_3)
FNDA:0,(anonymous_4)
FNDA:0,(anonymous_5)
DA:3,0
DA:11,0
DA:12,0
DA:14,0
DA:15,0
DA:16,0
DA:20,0
DA:23,0
DA:24,0
DA:25,0
DA:28,0
DA:30,0
DA:31,0
DA:32,0
DA:33,0
DA:35,0
DA:42,0
DA:44,0
DA:47,0
LF:19
LH:0
BRDA:11,0,0,0
BRDA:11,1,0,0
BRDA:16,2,0,0
BRDA:16,2,1,0
BRDA:20,3,0,0
BRDA:20,3,1,0
BRDA:23,4,0,0
BRDA:23,4,1,0
BRDA:31,5,0,0
BRDA:31,5,1,0
BRF:10
BRH:0
end_of_record
TN:
SF:src/lib/dictionary.ts
FN:4,(anonymous_9)
FN:4,(anonymous_10)
FN:4,(anonymous_11)
FN:5,(anonymous_12)
FN:5,(anonymous_13)
FN:5,(anonymous_14)
FN:10,getDictionary
FN:18,getLocaleFromParams
FNF:8
FNH:0
FNDA:0,(anonymous_9)
FNDA:0,(anonymous_10)
FNDA:0,(anonymous_11)
FNDA:0,(anonymous_12)
FNDA:0,(anonymous_13)
FNDA:0,(anonymous_14)
FNDA:0,getDictionary
FNDA:0,getLocaleFromParams
DA:1,0
DA:3,0
DA:4,0
DA:5,0
DA:10,0
DA:12,0
DA:13,0
DA:15,0
DA:18,0
DA:19,0
DA:20,0
DA:21,0
DA:22,0
LF:13
LH:0
BRDA:13,0,0,0
BRDA:13,0,1,0
BRDA:20,1,0,0
BRDA:20,1,1,0
BRDA:22,2,0,0
BRDA:22,2,1,0
BRF:6
BRH:0
end_of_record
TN:
SF:src/lib/reports.ts
FN:16,stripEmojis
FN:20,simpleMarkdownToHtml
FN:30,(anonymous_3)
FN:84,processedLine
FN:94,getAllReportDates
FN:100,(anonymous_6)
FN:101,(anonymous_7)
FN:110,getReportMetadata
FN:131,getReport
FN:153,getLatestReport
FN:168,getLatestReportSummary
FN:204,(anonymous_12)
FN:218,extractSummary
FNF:13
FNH:9
FNDA:9,stripEmojis
FNDA:4,simpleMarkdownToHtml
FNDA:324,(anonymous_3)
FNDA:208,processedLine
FNDA:1,getAllReportDates
FNDA:2,(anonymous_6)
FNDA:2,(anonymous_7)
FNDA:2,getReportMetadata
FNDA:5,getReport
FNDA:0,getLatestReport
FNDA:0,getLatestReportSummary
FNDA:0,(anonymous_12)
FNDA:0,extractSummary
DA:1,1
DA:2,1
DA:3,1
DA:5,1
DA:17,9
DA:22,4
DA:25,4
DA:26,4
DA:27,4
DA:28,4
DA:30,4
DA:31,324
DA:32,76
DA:33,76
DA:35,324
DA:38,4
DA:39,972
DA:40,972
DA:43,972
DA:46,696
DA:47,0
DA:48,0
DA:49,696
DA:50,68
DA:51,68
DA:52,628
DA:53,40
DA:54,40
DA:55,588
DA:56,4
DA:57,4
DA:60,584
DA:61,376
DA:62,376
DA:63,376
DA:66,208
DA:67,0
DA:68,0
DA:72,208
DA:73,208
DA:74,208
DA:75,208
DA:80,4
DA:81,4
DA:86,208
DA:88,208
DA:90,208
DA:91,208
DA:94,1
DA:95,1
DA:96,1
DA:97,0
DA:99,1
DA:100,2
DA:101,2
DA:104,1
DA:106,0
DA:110,1
DA:111,2
DA:112,2
DA:113,2
DA:115,1
DA:116,1
DA:119,1
DA:123,1
DA:127,0
DA:131,1
DA:132,5
DA:133,5
DA:134,5
DA:136,4
DA:137,4
DA:139,4
DA:141,4
DA:149,0
DA:153,1
DA:154,0
DA:155,0
DA:156,0
DA:168,1
DA:169,0
DA:170,0
DA:172,0
DA:173,0
DA:176,0
DA:177,0
DA:178,0
DA:179,0
DA:181,0
DA:182,0
DA:184,0
DA:186,0
DA:187,0
DA:188,0
DA:189,0
DA:192,0
DA:193,0
DA:194,0
DA:196,0
DA:197,0
DA:198,0
DA:204,0
DA:205,0
DA:211,0
DA:220,0
DA:227,0
DA:228,0
LF:107
LH:69
BRDA:31,0,0,76
BRDA:31,0,1,248
BRDA:43,1,0,276
BRDA:43,1,1,696
BRDA:43,2,0,972
BRDA:43,2,1,740
BRDA:46,3,0,0
BRDA:46,3,1,696
BRDA:49,4,0,68
BRDA:49,4,1,628
BRDA:52,5,0,40
BRDA:52,5,1,588
BRDA:55,6,0,4
BRDA:55,6,1,584
BRDA:60,7,0,376
BRDA:60,7,1,208
BRDA:60,8,0,584
BRDA:60,8,1,232
BRDA:66,9,0,0
BRDA:66,9,1,208
BRDA:66,10,0,208
BRDA:66,10,1,208
BRDA:66,10,2,208
BRDA:74,11,0,208
BRDA:74,11,1,0
BRDA:96,12,0,0
BRDA:96,12,1,1
BRDA:113,13,0,1
BRDA:113,13,1,1
BRDA:120,14,0,1
BRDA:120,14,1,0
BRDA:120,15,0,0
BRDA:120,15,1,1
BRDA:120,16,0,1
BRDA:120,16,1,1
BRDA:124,17,0,0
BRDA:124,17,1,1
BRDA:134,18,0,1
BRDA:134,18,1,4
BRDA:142,19,0,4
BRDA:142,19,1,0
BRDA:155,20,0,0
BRDA:155,20,1,0
BRDA:170,21,0,0
BRDA:170,21,1,0
BRDA:173,22,0,0
BRDA:173,22,1,0
BRDA:184,23,0,0
BRDA:184,23,1,0
BRDA:186,24,0,0
BRDA:186,24,1,0
BRDA:186,25,0,0
BRDA:186,25,1,0
BRDA:188,26,0,0
BRDA:188,26,1,0
BRDA:194,27,0,0
BRDA:194,27,1,0
BRDA:194,28,0,0
BRDA:194,28,1,0
BRDA:194,28,2,0
BRDA:197,29,0,0
BRDA:197,29,1,0
BRDA:197,30,0,0
BRDA:197,30,1,0
BRDA:205,31,0,0
BRDA:205,31,1,0
BRDA:205,31,2,0
BRDA:205,31,3,0
BRDA:205,31,4,0
BRDA:228,32,0,0
BRDA:228,32,1,0
BRF:71
BRH:33
end_of_record
